This is pdfTeX, Version 3.14159265-2.6-1.40.21 (TeX Live 2020/Debian) (preloaded format=pdflatex 2023.6.17)  27 JUN 2023 01:11
entering extended mode
 restricted \write18 enabled.
 %&-line parsing enabled.
**slide.tex
(./slide.tex
LaTeX2e <2020-10-01> patch level 4
L3 programming layer <2021-01-09> xparse <2020-03-03>
(/usr/share/texlive/texmf-dist/tex/latex/beamer/beamer.cls
Document Class: beamer 2020/11/26 v3.60 A class for typesetting presentations
(/usr/share/texlive/texmf-dist/tex/latex/beamer/beamerbasemodes.sty
(/usr/share/texlive/texmf-dist/tex/latex/etoolbox/etoolbox.sty
Package: etoolbox 2020/10/05 v2.5k e-TeX tools for LaTeX (JAW)
\etb@tempcnta=\count177
)
\beamer@tempbox=\box47
\beamer@tempcount=\count178
\c@beamerpauses=\count179

(/usr/share/texlive/texmf-dist/tex/latex/beamer/beamerbasedecode.sty
\beamer@slideinframe=\count180
\beamer@minimum=\count181
\beamer@decode@box=\box48
)
\beamer@commentbox=\box49
\beamer@modecount=\count182
)
(/usr/share/texlive/texmf-dist/tex/generic/iftex/ifpdf.sty
Package: ifpdf 2019/10/25 v3.4 ifpdf legacy package. Use iftex instead.

(/usr/share/texlive/texmf-dist/tex/generic/iftex/iftex.sty
Package: iftex 2020/03/06 v1.0d TeX engine tests
))
\headdp=\dimen138
\footheight=\dimen139
\sidebarheight=\dimen140
\beamer@tempdim=\dimen141
\beamer@finalheight=\dimen142
\beamer@animht=\dimen143
\beamer@animdp=\dimen144
\beamer@animwd=\dimen145
\beamer@leftmargin=\dimen146
\beamer@rightmargin=\dimen147
\beamer@leftsidebar=\dimen148
\beamer@rightsidebar=\dimen149
\beamer@boxsize=\dimen150
\beamer@vboxoffset=\dimen151
\beamer@descdefault=\dimen152
\beamer@descriptionwidth=\dimen153
\beamer@lastskip=\skip47
\beamer@areabox=\box50
\beamer@animcurrent=\box51
\beamer@animshowbox=\box52
\beamer@sectionbox=\box53
\beamer@logobox=\box54
\beamer@linebox=\box55
\beamer@sectioncount=\count183
\beamer@subsubsectionmax=\count184
\beamer@subsectionmax=\count185
\beamer@sectionmax=\count186
\beamer@totalheads=\count187
\beamer@headcounter=\count188
\beamer@partstartpage=\count189
\beamer@sectionstartpage=\count190
\beamer@subsectionstartpage=\count191
\beamer@animationtempa=\count192
\beamer@animationtempb=\count193
\beamer@xpos=\count194
\beamer@ypos=\count195
\beamer@ypos@offset=\count196
\beamer@showpartnumber=\count197
\beamer@currentsubsection=\count198
\beamer@coveringdepth=\count199
\beamer@sectionadjust=\count266
\beamer@tocsectionnumber=\count267

(/usr/share/texlive/texmf-dist/tex/latex/beamer/beamerbaseoptions.sty
(/usr/share/texlive/texmf-dist/tex/latex/graphics/keyval.sty
Package: keyval 2014/10/28 v1.15 key=value parser (DPC)
\KV@toks@=\toks15
))
\beamer@paperwidth=\skip48
\beamer@paperheight=\skip49

(/usr/share/texlive/texmf-dist/tex/latex/geometry/geometry.sty
Package: geometry 2020/01/02 v5.9 Page Geometry

(/usr/share/texlive/texmf-dist/tex/generic/iftex/ifvtex.sty
Package: ifvtex 2019/10/25 v1.7 ifvtex legacy package. Use iftex instead.
)
\Gm@cnth=\count268
\Gm@cntv=\count269
\c@Gm@tempcnt=\count270
\Gm@bindingoffset=\dimen154
\Gm@wd@mp=\dimen155
\Gm@odd@mp=\dimen156
\Gm@even@mp=\dimen157
\Gm@layoutwidth=\dimen158
\Gm@layoutheight=\dimen159
\Gm@layouthoffset=\dimen160
\Gm@layoutvoffset=\dimen161
\Gm@dimlist=\toks16
)
(/usr/share/texlive/texmf-dist/tex/latex/base/size11.clo
File: size11.clo 2020/04/10 v1.4m Standard LaTeX file (size option)
)
(/usr/share/texlive/texmf-dist/tex/latex/pgf/basiclayer/pgfcore.sty
(/usr/share/texlive/texmf-dist/tex/latex/graphics/graphicx.sty
Package: graphicx 2020/09/09 v1.2b Enhanced LaTeX Graphics (DPC,SPQR)

(/usr/share/texlive/texmf-dist/tex/latex/graphics/graphics.sty
Package: graphics 2020/08/30 v1.4c Standard LaTeX Graphics (DPC,SPQR)

(/usr/share/texlive/texmf-dist/tex/latex/graphics/trig.sty
Package: trig 2016/01/03 v1.10 sin cos tan (DPC)
)
(/usr/share/texlive/texmf-dist/tex/latex/graphics-cfg/graphics.cfg
File: graphics.cfg 2016/06/04 v1.11 sample graphics configuration
)
Package graphics Info: Driver file: pdftex.def on input line 105.

(/usr/share/texlive/texmf-dist/tex/latex/graphics-def/pdftex.def
File: pdftex.def 2020/10/05 v1.2a Graphics/color driver for pdftex
))
\Gin@req@height=\dimen162
\Gin@req@width=\dimen163
)
(/usr/share/texlive/texmf-dist/tex/latex/pgf/systemlayer/pgfsys.sty
(/usr/share/texlive/texmf-dist/tex/latex/pgf/utilities/pgfrcs.sty
(/usr/share/texlive/texmf-dist/tex/generic/pgf/utilities/pgfutil-common.tex
\pgfutil@everybye=\toks17
\pgfutil@tempdima=\dimen164
\pgfutil@tempdimb=\dimen165

(/usr/share/texlive/texmf-dist/tex/generic/pgf/utilities/pgfutil-common-lists.t
ex)) (/usr/share/texlive/texmf-dist/tex/generic/pgf/utilities/pgfutil-latex.def
\pgfutil@abb=\box56
) (/usr/share/texlive/texmf-dist/tex/generic/pgf/utilities/pgfrcs.code.tex
(/usr/share/texlive/texmf-dist/tex/generic/pgf/pgf.revision.tex)
Package: pgfrcs 2020/12/27 v3.1.8b (3.1.8b)
))
(/usr/share/texlive/texmf-dist/tex/generic/pgf/systemlayer/pgfsys.code.tex
Package: pgfsys 2020/12/27 v3.1.8b (3.1.8b)

(/usr/share/texlive/texmf-dist/tex/generic/pgf/utilities/pgfkeys.code.tex
\pgfkeys@pathtoks=\toks18
\pgfkeys@temptoks=\toks19

(/usr/share/texlive/texmf-dist/tex/generic/pgf/utilities/pgfkeysfiltered.code.t
ex
\pgfkeys@tmptoks=\toks20
))
\pgf@x=\dimen166
\pgf@y=\dimen167
\pgf@xa=\dimen168
\pgf@ya=\dimen169
\pgf@xb=\dimen170
\pgf@yb=\dimen171
\pgf@xc=\dimen172
\pgf@yc=\dimen173
\pgf@xd=\dimen174
\pgf@yd=\dimen175
\w@pgf@writea=\write3
\r@pgf@reada=\read2
\c@pgf@counta=\count271
\c@pgf@countb=\count272
\c@pgf@countc=\count273
\c@pgf@countd=\count274
\t@pgf@toka=\toks21
\t@pgf@tokb=\toks22
\t@pgf@tokc=\toks23
\pgf@sys@id@count=\count275
 (/usr/share/texlive/texmf-dist/tex/generic/pgf/systemlayer/pgf.cfg
File: pgf.cfg 2020/12/27 v3.1.8b (3.1.8b)
)
Driver file for pgf: pgfsys-pdftex.def

(/usr/share/texlive/texmf-dist/tex/generic/pgf/systemlayer/pgfsys-pdftex.def
File: pgfsys-pdftex.def 2020/12/27 v3.1.8b (3.1.8b)

(/usr/share/texlive/texmf-dist/tex/generic/pgf/systemlayer/pgfsys-common-pdf.de
f
File: pgfsys-common-pdf.def 2020/12/27 v3.1.8b (3.1.8b)
)))
(/usr/share/texlive/texmf-dist/tex/generic/pgf/systemlayer/pgfsyssoftpath.code.
tex
File: pgfsyssoftpath.code.tex 2020/12/27 v3.1.8b (3.1.8b)
\pgfsyssoftpath@smallbuffer@items=\count276
\pgfsyssoftpath@bigbuffer@items=\count277
)
(/usr/share/texlive/texmf-dist/tex/generic/pgf/systemlayer/pgfsysprotocol.code.
tex
File: pgfsysprotocol.code.tex 2020/12/27 v3.1.8b (3.1.8b)
)) (/usr/share/texlive/texmf-dist/tex/latex/xcolor/xcolor.sty
Package: xcolor 2016/05/11 v2.12 LaTeX color extensions (UK)

(/usr/share/texlive/texmf-dist/tex/latex/graphics-cfg/color.cfg
File: color.cfg 2016/01/02 v1.6 sample color configuration
)
Package xcolor Info: Driver file: pdftex.def on input line 225.
Package xcolor Info: Model `cmy' substituted by `cmy0' on input line 1348.
Package xcolor Info: Model `hsb' substituted by `rgb' on input line 1352.
Package xcolor Info: Model `RGB' extended on input line 1364.
Package xcolor Info: Model `HTML' substituted by `rgb' on input line 1366.
Package xcolor Info: Model `Hsb' substituted by `hsb' on input line 1367.
Package xcolor Info: Model `tHsb' substituted by `hsb' on input line 1368.
Package xcolor Info: Model `HSB' substituted by `hsb' on input line 1369.
Package xcolor Info: Model `Gray' substituted by `gray' on input line 1370.
Package xcolor Info: Model `wave' substituted by `hsb' on input line 1371.
)
(/usr/share/texlive/texmf-dist/tex/generic/pgf/basiclayer/pgfcore.code.tex
Package: pgfcore 2020/12/27 v3.1.8b (3.1.8b)

(/usr/share/texlive/texmf-dist/tex/generic/pgf/math/pgfmath.code.tex
(/usr/share/texlive/texmf-dist/tex/generic/pgf/math/pgfmathcalc.code.tex
(/usr/share/texlive/texmf-dist/tex/generic/pgf/math/pgfmathutil.code.tex)
(/usr/share/texlive/texmf-dist/tex/generic/pgf/math/pgfmathparser.code.tex
\pgfmath@dimen=\dimen176
\pgfmath@count=\count278
\pgfmath@box=\box57
\pgfmath@toks=\toks24
\pgfmath@stack@operand=\toks25
\pgfmath@stack@operation=\toks26
)
(/usr/share/texlive/texmf-dist/tex/generic/pgf/math/pgfmathfunctions.code.tex
(/usr/share/texlive/texmf-dist/tex/generic/pgf/math/pgfmathfunctions.basic.code
.tex)
(/usr/share/texlive/texmf-dist/tex/generic/pgf/math/pgfmathfunctions.trigonomet
ric.code.tex)
(/usr/share/texlive/texmf-dist/tex/generic/pgf/math/pgfmathfunctions.random.cod
e.tex)
(/usr/share/texlive/texmf-dist/tex/generic/pgf/math/pgfmathfunctions.comparison
.code.tex)
(/usr/share/texlive/texmf-dist/tex/generic/pgf/math/pgfmathfunctions.base.code.
tex)
(/usr/share/texlive/texmf-dist/tex/generic/pgf/math/pgfmathfunctions.round.code
.tex)
(/usr/share/texlive/texmf-dist/tex/generic/pgf/math/pgfmathfunctions.misc.code.
tex)
(/usr/share/texlive/texmf-dist/tex/generic/pgf/math/pgfmathfunctions.integerari
thmetics.code.tex)))
(/usr/share/texlive/texmf-dist/tex/generic/pgf/math/pgfmathfloat.code.tex
\c@pgfmathroundto@lastzeros=\count279
))
(/usr/share/texlive/texmf-dist/tex/generic/pgf/math/pgfint.code.tex)
(/usr/share/texlive/texmf-dist/tex/generic/pgf/basiclayer/pgfcorepoints.code.te
x
File: pgfcorepoints.code.tex 2020/12/27 v3.1.8b (3.1.8b)
\pgf@picminx=\dimen177
\pgf@picmaxx=\dimen178
\pgf@picminy=\dimen179
\pgf@picmaxy=\dimen180
\pgf@pathminx=\dimen181
\pgf@pathmaxx=\dimen182
\pgf@pathminy=\dimen183
\pgf@pathmaxy=\dimen184
\pgf@xx=\dimen185
\pgf@xy=\dimen186
\pgf@yx=\dimen187
\pgf@yy=\dimen188
\pgf@zx=\dimen189
\pgf@zy=\dimen190
)
(/usr/share/texlive/texmf-dist/tex/generic/pgf/basiclayer/pgfcorepathconstruct.
code.tex
File: pgfcorepathconstruct.code.tex 2020/12/27 v3.1.8b (3.1.8b)
\pgf@path@lastx=\dimen191
\pgf@path@lasty=\dimen192
)
(/usr/share/texlive/texmf-dist/tex/generic/pgf/basiclayer/pgfcorepathusage.code
.tex
File: pgfcorepathusage.code.tex 2020/12/27 v3.1.8b (3.1.8b)
\pgf@shorten@end@additional=\dimen193
\pgf@shorten@start@additional=\dimen194
)
(/usr/share/texlive/texmf-dist/tex/generic/pgf/basiclayer/pgfcorescopes.code.te
x
File: pgfcorescopes.code.tex 2020/12/27 v3.1.8b (3.1.8b)
\pgfpic=\box58
\pgf@hbox=\box59
\pgf@layerbox@main=\box60
\pgf@picture@serial@count=\count280
)
(/usr/share/texlive/texmf-dist/tex/generic/pgf/basiclayer/pgfcoregraphicstate.c
ode.tex
File: pgfcoregraphicstate.code.tex 2020/12/27 v3.1.8b (3.1.8b)
\pgflinewidth=\dimen195
)
(/usr/share/texlive/texmf-dist/tex/generic/pgf/basiclayer/pgfcoretransformation
s.code.tex
File: pgfcoretransformations.code.tex 2020/12/27 v3.1.8b (3.1.8b)
\pgf@pt@x=\dimen196
\pgf@pt@y=\dimen197
\pgf@pt@temp=\dimen198
)
(/usr/share/texlive/texmf-dist/tex/generic/pgf/basiclayer/pgfcorequick.code.tex
File: pgfcorequick.code.tex 2020/12/27 v3.1.8b (3.1.8b)
)
(/usr/share/texlive/texmf-dist/tex/generic/pgf/basiclayer/pgfcoreobjects.code.t
ex
File: pgfcoreobjects.code.tex 2020/12/27 v3.1.8b (3.1.8b)
)
(/usr/share/texlive/texmf-dist/tex/generic/pgf/basiclayer/pgfcorepathprocessing
.code.tex
File: pgfcorepathprocessing.code.tex 2020/12/27 v3.1.8b (3.1.8b)
)
(/usr/share/texlive/texmf-dist/tex/generic/pgf/basiclayer/pgfcorearrows.code.te
x
File: pgfcorearrows.code.tex 2020/12/27 v3.1.8b (3.1.8b)
\pgfarrowsep=\dimen199
)
(/usr/share/texlive/texmf-dist/tex/generic/pgf/basiclayer/pgfcoreshade.code.tex
File: pgfcoreshade.code.tex 2020/12/27 v3.1.8b (3.1.8b)
\pgf@max=\dimen256
\pgf@sys@shading@range@num=\count281
\pgf@shadingcount=\count282
)
(/usr/share/texlive/texmf-dist/tex/generic/pgf/basiclayer/pgfcoreimage.code.tex
File: pgfcoreimage.code.tex 2020/12/27 v3.1.8b (3.1.8b)

(/usr/share/texlive/texmf-dist/tex/generic/pgf/basiclayer/pgfcoreexternal.code.
tex
File: pgfcoreexternal.code.tex 2020/12/27 v3.1.8b (3.1.8b)
\pgfexternal@startupbox=\box61
))
(/usr/share/texlive/texmf-dist/tex/generic/pgf/basiclayer/pgfcorelayers.code.te
x
File: pgfcorelayers.code.tex 2020/12/27 v3.1.8b (3.1.8b)
)
(/usr/share/texlive/texmf-dist/tex/generic/pgf/basiclayer/pgfcoretransparency.c
ode.tex
File: pgfcoretransparency.code.tex 2020/12/27 v3.1.8b (3.1.8b)
)
(/usr/share/texlive/texmf-dist/tex/generic/pgf/basiclayer/pgfcorepatterns.code.
tex
File: pgfcorepatterns.code.tex 2020/12/27 v3.1.8b (3.1.8b)
)
(/usr/share/texlive/texmf-dist/tex/generic/pgf/basiclayer/pgfcorerdf.code.tex
File: pgfcorerdf.code.tex 2020/12/27 v3.1.8b (3.1.8b)
))) (/usr/share/texlive/texmf-dist/tex/latex/pgf/utilities/xxcolor.sty
Package: xxcolor 2003/10/24 ver 0.1
\XC@nummixins=\count283
\XC@countmixins=\count284
)
(/usr/share/texlive/texmf-dist/tex/latex/base/atbegshi-ltx.sty
Package: atbegshi-ltx 2020/08/17 v1.0a Emulation of the original atbegshi packa
ge
with kernel methods
)
(/usr/share/texlive/texmf-dist/tex/latex/hyperref/hyperref.sty
Package: hyperref 2020-05-15 v7.00e Hypertext links for LaTeX

(/usr/share/texlive/texmf-dist/tex/generic/ltxcmds/ltxcmds.sty
Package: ltxcmds 2020-05-10 v1.25 LaTeX kernel commands for general use (HO)
)
(/usr/share/texlive/texmf-dist/tex/generic/pdftexcmds/pdftexcmds.sty
Package: pdftexcmds 2020-06-27 v0.33 Utility functions of pdfTeX for LuaTeX (HO
)

(/usr/share/texlive/texmf-dist/tex/generic/infwarerr/infwarerr.sty
Package: infwarerr 2019/12/03 v1.5 Providing info/warning/error messages (HO)
)
Package pdftexcmds Info: \pdf@primitive is available.
Package pdftexcmds Info: \pdf@ifprimitive is available.
Package pdftexcmds Info: \pdfdraftmode found.
)
(/usr/share/texlive/texmf-dist/tex/generic/kvsetkeys/kvsetkeys.sty
Package: kvsetkeys 2019/12/15 v1.18 Key value parser (HO)
)
(/usr/share/texlive/texmf-dist/tex/generic/kvdefinekeys/kvdefinekeys.sty
Package: kvdefinekeys 2019-12-19 v1.6 Define keys (HO)
)
(/usr/share/texlive/texmf-dist/tex/generic/pdfescape/pdfescape.sty
Package: pdfescape 2019/12/09 v1.15 Implements pdfTeX's escape features (HO)
)
(/usr/share/texlive/texmf-dist/tex/latex/hycolor/hycolor.sty
Package: hycolor 2020-01-27 v1.10 Color options for hyperref/bookmark (HO)
)
(/usr/share/texlive/texmf-dist/tex/latex/letltxmacro/letltxmacro.sty
Package: letltxmacro 2019/12/03 v1.6 Let assignment for LaTeX macros (HO)
)
(/usr/share/texlive/texmf-dist/tex/latex/auxhook/auxhook.sty
Package: auxhook 2019-12-17 v1.6 Hooks for auxiliary files (HO)
)
(/usr/share/texlive/texmf-dist/tex/latex/kvoptions/kvoptions.sty
Package: kvoptions 2020-10-07 v3.14 Key value format for package options (HO)
)
\@linkdim=\dimen257
\Hy@linkcounter=\count285
\Hy@pagecounter=\count286

(/usr/share/texlive/texmf-dist/tex/latex/hyperref/pd1enc.def
File: pd1enc.def 2020-05-15 v7.00e Hyperref: PDFDocEncoding definition (HO)
Now handling font encoding PD1 ...
... no UTF-8 mapping file for font encoding PD1
)
(/usr/share/texlive/texmf-dist/tex/generic/intcalc/intcalc.sty
Package: intcalc 2019/12/15 v1.3 Expandable calculations with integers (HO)
)
(/usr/share/texlive/texmf-dist/tex/generic/etexcmds/etexcmds.sty
Package: etexcmds 2019/12/15 v1.7 Avoid name clashes with e-TeX commands (HO)
)
\Hy@SavedSpaceFactor=\count287
Package hyperref Info: Option `bookmarks' set `true' on input line 4338.
Package hyperref Info: Option `bookmarksopen' set `true' on input line 4338.
Package hyperref Info: Option `implicit' set `false' on input line 4338.
Package hyperref Info: Hyper figures OFF on input line 4464.
Package hyperref Info: Link nesting OFF on input line 4469.
Package hyperref Info: Hyper index ON on input line 4472.
Package hyperref Info: Plain pages OFF on input line 4479.
Package hyperref Info: Backreferencing OFF on input line 4484.
Package hyperref Info: Implicit mode OFF; no redefinition of LaTeX internals.
Package hyperref Info: Bookmarks ON on input line 4717.
\c@Hy@tempcnt=\count288

(/usr/share/texlive/texmf-dist/tex/latex/url/url.sty
\Urlmuskip=\muskip16
Package: url 2013/09/16  ver 3.4  Verb mode for urls, etc.
)
LaTeX Info: Redefining \url on input line 5076.
\XeTeXLinkMargin=\dimen258

(/usr/share/texlive/texmf-dist/tex/generic/bitset/bitset.sty
Package: bitset 2019/12/09 v1.3 Handle bit-vector datatype (HO)

(/usr/share/texlive/texmf-dist/tex/generic/bigintcalc/bigintcalc.sty
Package: bigintcalc 2019/12/15 v1.5 Expandable calculations on big integers (HO
)
))
\Fld@menulength=\count289
\Field@Width=\dimen259
\Fld@charsize=\dimen260
Package hyperref Info: Hyper figures OFF on input line 6347.
Package hyperref Info: Link nesting OFF on input line 6352.
Package hyperref Info: Hyper index ON on input line 6355.
Package hyperref Info: backreferencing OFF on input line 6362.
Package hyperref Info: Link coloring OFF on input line 6367.
Package hyperref Info: Link coloring with OCG OFF on input line 6372.
Package hyperref Info: PDF/A mode OFF on input line 6377.
LaTeX Info: Redefining \ref on input line 6417.
LaTeX Info: Redefining \pageref on input line 6421.
\Hy@abspage=\count290


Package hyperref Message: Stopped early.

)
Package hyperref Info: Driver (autodetected): hpdftex.
 (/usr/share/texlive/texmf-dist/tex/latex/hyperref/hpdftex.def
File: hpdftex.def 2020-05-15 v7.00e Hyperref driver for pdfTeX

(/usr/share/texlive/texmf-dist/tex/latex/base/atveryend-ltx.sty
Package: atveryend-ltx 2020/08/19 v1.0a Emulation of the original atvery packag
e
with kernel methods
)
\Fld@listcount=\count291
\c@bookmark@seq@number=\count292

(/usr/share/texlive/texmf-dist/tex/latex/rerunfilecheck/rerunfilecheck.sty
Package: rerunfilecheck 2019/12/05 v1.9 Rerun checks for auxiliary files (HO)

(/usr/share/texlive/texmf-dist/tex/generic/uniquecounter/uniquecounter.sty
Package: uniquecounter 2019/12/15 v1.4 Provide unlimited unique counter (HO)
)
Package uniquecounter Info: New unique counter `rerunfilecheck' on input line 2
86.
))
(/usr/share/texlive/texmf-dist/tex/latex/beamer/beamerbaserequires.sty
(/usr/share/texlive/texmf-dist/tex/latex/beamer/beamerbasecompatibility.sty)
(/usr/share/texlive/texmf-dist/tex/latex/beamer/beamerbasefont.sty
(/usr/share/texlive/texmf-dist/tex/latex/amsfonts/amssymb.sty
Package: amssymb 2013/01/14 v3.01 AMS font symbols

(/usr/share/texlive/texmf-dist/tex/latex/amsfonts/amsfonts.sty
Package: amsfonts 2013/01/14 v3.01 Basic AMSFonts support
\@emptytoks=\toks27
\symAMSa=\mathgroup4
\symAMSb=\mathgroup5
LaTeX Font Info:    Redeclaring math symbol \hbar on input line 98.
LaTeX Font Info:    Overwriting math alphabet `\mathfrak' in version `bold'
(Font)                  U/euf/m/n --> U/euf/b/n on input line 106.
))
(/usr/share/texlive/texmf-dist/tex/latex/sansmathaccent/sansmathaccent.sty
Package: sansmathaccent 2020/01/31

(/usr/share/texlive/texmf-dist/tex/latex/koma-script/scrlfile.sty
Package: scrlfile 2020/09/21 v3.32 KOMA-Script package (file load hooks)

(/usr/share/texlive/texmf-dist/tex/latex/koma-script/scrlfile-hook.sty
Package: scrlfile-hook 2020/09/21 v3.32 KOMA-Script package (using LaTeX hooks)


LaTeX3 Info: Defining command \BeforeFile with sig. 'm' on line 61.


LaTeX3 Info: Defining command \AfterFile with sig. 'm' on line 65.


LaTeX3 Info: Defining command \BeforeClass with sig. 'm' on line 69.


LaTeX3 Info: Defining command \BeforePackage with sig. 'm' on line 73.


LaTeX3 Info: Defining command \AfterAtEndOfClass with sig. 'smo+m' on line 83.


LaTeX3 Info: Defining command \AfterAtEndOfPackage with sig. 'smo+m' on line
(LaTeX3)     93.


LaTeX3 Info: Defining command \scrlfile@AfterClass with sig. 'smo+m' on line
(LaTeX3)     173.


LaTeX3 Info: Defining command \AfterClass with sig. '' on line 174.


LaTeX3 Info: Defining command \scrlfile@AfterPackage with sig. 'smo+m' on line
(LaTeX3)     191.


LaTeX3 Info: Defining command \AfterPackage with sig. '' on line 192.


LaTeX3 Info: Defining command \ReplaceInput with sig. '' on line 193.


LaTeX3 Info: Defining command \ReplaceClass with sig. 'mm' on line 196.


LaTeX3 Info: Defining command \ReplacePackage with sig. 'mm' on line 199.


LaTeX3 Info: Defining command \UnReplaceInput with sig. '' on line 200.


LaTeX3 Info: Defining command \UnReplaceClass with sig. 'm' on line 203.


LaTeX3 Info: Defining command \UnReplacePackage with sig. 'mm' on line 206.


LaTeX3 Info: Defining command \PreventPackageFromLoading with sig. 's+om' on
(LaTeX3)     line 234.


LaTeX3 Info: Defining command \StorePreventPackageFromLoading with sig. 'm' on
(LaTeX3)     line 242.


LaTeX3 Info: Defining command \ResetPreventPackageFromLoading with sig. '' on
(LaTeX3)     line 247.


LaTeX3 Info: Defining command \UnPreventPackageFromLoading with sig. 'sm' on
(LaTeX3)     line 261.


LaTeX3 Info: Defining command \BeforeClosingMainAux with sig. 'om' on line
(LaTeX3)     274.


LaTeX3 Info: Defining command \AfterReadingMainAux with sig. 'om' on line 287.


LaTeX3 Info: Defining command \protected@immediate@write with sig. 'm+m+m' on
(LaTeX3)     line 298.


(/usr/share/texlive/texmf-dist/tex/latex/koma-script/scrlogo.sty
Package: scrlogo 2020/09/21 v3.32 KOMA-Script package (logo)
)))))
(/usr/share/texlive/texmf-dist/tex/latex/beamer/beamerbasetranslator.sty
(/usr/share/texlive/texmf-dist/tex/latex/translator/translator.sty
Package: translator 2020-08-03 v1.12c Easy translation of strings in LaTeX
))
(/usr/share/texlive/texmf-dist/tex/latex/beamer/beamerbasemisc.sty)
(/usr/share/texlive/texmf-dist/tex/latex/beamer/beamerbasetwoscreens.sty)
(/usr/share/texlive/texmf-dist/tex/latex/beamer/beamerbaseoverlay.sty
\beamer@argscount=\count293
\beamer@lastskipcover=\skip50
\beamer@trivlistdepth=\count294
)
(/usr/share/texlive/texmf-dist/tex/latex/beamer/beamerbasetitle.sty)
(/usr/share/texlive/texmf-dist/tex/latex/beamer/beamerbasesection.sty
\c@lecture=\count295
\c@part=\count296
\c@section=\count297
\c@subsection=\count298
\c@subsubsection=\count299
)
(/usr/share/texlive/texmf-dist/tex/latex/beamer/beamerbaseframe.sty
\beamer@framebox=\box62
\beamer@frametitlebox=\box63
\beamer@zoombox=\box64
\beamer@zoomcount=\count300
\beamer@zoomframecount=\count301
\beamer@frametextheight=\dimen261
\c@subsectionslide=\count302
\beamer@frametopskip=\skip51
\beamer@framebottomskip=\skip52
\beamer@frametopskipautobreak=\skip53
\beamer@framebottomskipautobreak=\skip54
\beamer@envbody=\toks28
\framewidth=\dimen262
\c@framenumber=\count303
)
(/usr/share/texlive/texmf-dist/tex/latex/beamer/beamerbaseverbatim.sty
\beamer@verbatimfileout=\write4
)
(/usr/share/texlive/texmf-dist/tex/latex/beamer/beamerbaseframesize.sty
\beamer@splitbox=\box65
\beamer@autobreakcount=\count304
\beamer@autobreaklastheight=\dimen263
\beamer@frametitletoks=\toks29
\beamer@framesubtitletoks=\toks30
)
(/usr/share/texlive/texmf-dist/tex/latex/beamer/beamerbaseframecomponents.sty
\beamer@footins=\box66
)
(/usr/share/texlive/texmf-dist/tex/latex/beamer/beamerbasecolor.sty)
(/usr/share/texlive/texmf-dist/tex/latex/beamer/beamerbasenotes.sty
\beamer@frameboxcopy=\box67
)
(/usr/share/texlive/texmf-dist/tex/latex/beamer/beamerbasetoc.sty)
(/usr/share/texlive/texmf-dist/tex/latex/beamer/beamerbasetemplates.sty
\beamer@sbttoks=\toks31

(/usr/share/texlive/texmf-dist/tex/latex/beamer/beamerbaseauxtemplates.sty
(/usr/share/texlive/texmf-dist/tex/latex/beamer/beamerbaseboxes.sty
\bmb@box=\box68
\bmb@colorbox=\box69
\bmb@boxwidth=\dimen264
\bmb@boxheight=\dimen265
\bmb@prevheight=\dimen266
\bmb@temp=\dimen267
\bmb@dima=\dimen268
\bmb@dimb=\dimen269
\bmb@prevheight=\dimen270
)
\beamer@blockheadheight=\dimen271
))
(/usr/share/texlive/texmf-dist/tex/latex/beamer/beamerbaselocalstructure.sty
(/usr/share/texlive/texmf-dist/tex/latex/tools/enumerate.sty
Package: enumerate 2015/07/23 v3.00 enumerate extensions (DPC)
\@enLab=\toks32
)
\c@figure=\count305
\c@table=\count306
\abovecaptionskip=\skip55
\belowcaptionskip=\skip56
)
(/usr/share/texlive/texmf-dist/tex/latex/beamer/beamerbasenavigation.sty
\beamer@section@min@dim=\dimen272
)
(/usr/share/texlive/texmf-dist/tex/latex/beamer/beamerbasetheorems.sty
(/usr/share/texlive/texmf-dist/tex/latex/amsmath/amsmath.sty
Package: amsmath 2020/09/23 v2.17i AMS math features
\@mathmargin=\skip57

For additional information on amsmath, use the `?' option.
(/usr/share/texlive/texmf-dist/tex/latex/amsmath/amstext.sty
Package: amstext 2000/06/29 v2.01 AMS text

(/usr/share/texlive/texmf-dist/tex/latex/amsmath/amsgen.sty
File: amsgen.sty 1999/11/30 v2.0 generic functions
\@emptytoks=\toks33
\ex@=\dimen273
))
(/usr/share/texlive/texmf-dist/tex/latex/amsmath/amsbsy.sty
Package: amsbsy 1999/11/29 v1.2d Bold Symbols
\pmbraise@=\dimen274
)
(/usr/share/texlive/texmf-dist/tex/latex/amsmath/amsopn.sty
Package: amsopn 2016/03/08 v2.02 operator names
)
\inf@bad=\count307
LaTeX Info: Redefining \frac on input line 234.
\uproot@=\count308
\leftroot@=\count309
LaTeX Info: Redefining \overline on input line 399.
\classnum@=\count310
\DOTSCASE@=\count311
LaTeX Info: Redefining \ldots on input line 496.
LaTeX Info: Redefining \dots on input line 499.
LaTeX Info: Redefining \cdots on input line 620.
\Mathstrutbox@=\box70
\strutbox@=\box71
\big@size=\dimen275
LaTeX Font Info:    Redeclaring font encoding OML on input line 743.
LaTeX Font Info:    Redeclaring font encoding OMS on input line 744.
\macc@depth=\count312
\c@MaxMatrixCols=\count313
\dotsspace@=\muskip17
\c@parentequation=\count314
\dspbrk@lvl=\count315
\tag@help=\toks34
\row@=\count316
\column@=\count317
\maxfields@=\count318
\andhelp@=\toks35
\eqnshift@=\dimen276
\alignsep@=\dimen277
\tagshift@=\dimen278
\tagwidth@=\dimen279
\totwidth@=\dimen280
\lineht@=\dimen281
\@envbody=\toks36
\multlinegap=\skip58
\multlinetaggap=\skip59
\mathdisplay@stack=\toks37
LaTeX Info: Redefining \[ on input line 2923.
LaTeX Info: Redefining \] on input line 2924.
)
(/usr/share/texlive/texmf-dist/tex/latex/amscls/amsthm.sty
Package: amsthm 2020/05/29 v2.20.6
\thm@style=\toks38
\thm@bodyfont=\toks39
\thm@headfont=\toks40
\thm@notefont=\toks41
\thm@headpunct=\toks42
\thm@preskip=\skip60
\thm@postskip=\skip61
\thm@headsep=\skip62
\dth@everypar=\toks43
)
\c@theorem=\count319
)
(/usr/share/texlive/texmf-dist/tex/latex/beamer/beamerbasethemes.sty))
(/usr/share/texlive/texmf-dist/tex/latex/beamer/beamerthemedefault.sty
(/usr/share/texlive/texmf-dist/tex/latex/beamer/beamerfontthemedefault.sty)
(/usr/share/texlive/texmf-dist/tex/latex/beamer/beamercolorthemedefault.sty)
(/usr/share/texlive/texmf-dist/tex/latex/beamer/beamerinnerthemedefault.sty
\beamer@dima=\dimen282
\beamer@dimb=\dimen283
)
(/usr/share/texlive/texmf-dist/tex/latex/beamer/beamerouterthemedefault.sty)))
(/usr/share/texlive/texmf-dist/tex/latex/base/fontenc.sty
Package: fontenc 2020/08/10 v2.0s Standard LaTeX package
)
(/usr/share/texlive/texmf-dist/tex/latex/cite/cite.sty
LaTeX Info: Redefining \cite on input line 302.
LaTeX Info: Redefining \nocite on input line 332.
Package: cite 2015/02/27  v 5.5
)
(/usr/share/texlive/texmf-dist/tex/latex/relsize/relsize.sty
Package: relsize 2013/03/29 ver 4.1
)
(/usr/share/texlive/texmf-dist/tex/latex/beamer/beamerfontthemeserif.sty)
(/usr/share/texlive/texmf-dist/tex/latex/base/latexsym.sty
Package: latexsym 1998/08/17 v2.2e Standard LaTeX package (lasy symbols)
\symlasy=\mathgroup6
LaTeX Font Info:    Overwriting symbol font `lasy' in version `bold'
(Font)                  U/lasy/m/n --> U/lasy/b/n on input line 52.
)
(/usr/share/texlive/texmf-dist/tex/latex/tools/multicol.sty
Package: multicol 2019/12/09 v1.8y multicolumn formatting (FMi)
\c@tracingmulticols=\count320
\mult@box=\box72
\multicol@leftmargin=\dimen284
\c@unbalance=\count321
\c@collectmore=\count322
\doublecol@number=\count323
\multicoltolerance=\count324
\multicolpretolerance=\count325
\full@width=\dimen285
\page@free=\dimen286
\premulticols=\dimen287
\postmulticols=\dimen288
\multicolsep=\skip63
\multicolbaselineskip=\skip64
\partial@page=\box73
\last@line=\box74
\maxbalancingoverflow=\dimen289
\mult@rightbox=\box75
\mult@grightbox=\box76
\mult@gfirstbox=\box77
\mult@firstbox=\box78
\@tempa=\box79
\@tempa=\box80
\@tempa=\box81
\@tempa=\box82
\@tempa=\box83
\@tempa=\box84
\@tempa=\box85
\@tempa=\box86
\@tempa=\box87
\@tempa=\box88
\@tempa=\box89
\@tempa=\box90
\@tempa=\box91
\@tempa=\box92
\@tempa=\box93
\@tempa=\box94
\@tempa=\box95
\@tempa=\box96
\@tempa=\box97
\@tempa=\box98
\@tempa=\box99
\@tempa=\box100
\@tempa=\box101
\@tempa=\box102
\@tempa=\box103
\@tempa=\box104
\@tempa=\box105
\@tempa=\box106
\@tempa=\box107
\@tempa=\box108
\@tempa=\box109
\@tempa=\box110
\@tempa=\box111
\@tempa=\box112
\@tempa=\box113
\@tempa=\box114
\@tempa=\box115
\c@minrows=\count326
\c@columnbadness=\count327
\c@finalcolumnbadness=\count328
\last@try=\dimen290
\multicolovershoot=\dimen291
\multicolundershoot=\dimen292
\mult@nat@firstbox=\box116
\colbreak@box=\box117
\mc@col@check@num=\count329
)
(/usr/share/texlive/texmf-dist/tex/latex/booktabs/booktabs.sty
Package: booktabs 2020/01/12 v1.61803398 Publication quality tables
\heavyrulewidth=\dimen293
\lightrulewidth=\dimen294
\cmidrulewidth=\dimen295
\belowrulesep=\dimen296
\belowbottomsep=\dimen297
\aboverulesep=\dimen298
\abovetopsep=\dimen299
\cmidrulesep=\dimen300
\cmidrulekern=\dimen301
\defaultaddspace=\dimen302
\@cmidla=\count330
\@cmidlb=\count331
\@aboverulesep=\dimen303
\@belowrulesep=\dimen304
\@thisruleclass=\count332
\@lastruleclass=\count333
\@thisrulewidth=\dimen305
)
(/usr/share/texlive/texmf-dist/tex/latex/fundus-calligra/calligra.sty
Package: calligra 2012/04/10 v1.9 LaTeX package calligra
)
(/usr/share/texlive/texmf-dist/tex/latex/pgf/frontendlayer/tikz.sty
(/usr/share/texlive/texmf-dist/tex/latex/pgf/basiclayer/pgf.sty
Package: pgf 2020/12/27 v3.1.8b (3.1.8b)

(/usr/share/texlive/texmf-dist/tex/generic/pgf/modules/pgfmoduleshapes.code.tex
File: pgfmoduleshapes.code.tex 2020/12/27 v3.1.8b (3.1.8b)
\pgfnodeparttextbox=\box118
) (/usr/share/texlive/texmf-dist/tex/generic/pgf/modules/pgfmoduleplot.code.tex
File: pgfmoduleplot.code.tex 2020/12/27 v3.1.8b (3.1.8b)
)
(/usr/share/texlive/texmf-dist/tex/latex/pgf/compatibility/pgfcomp-version-0-65
.sty
Package: pgfcomp-version-0-65 2020/12/27 v3.1.8b (3.1.8b)
\pgf@nodesepstart=\dimen306
\pgf@nodesepend=\dimen307
)
(/usr/share/texlive/texmf-dist/tex/latex/pgf/compatibility/pgfcomp-version-1-18
.sty
Package: pgfcomp-version-1-18 2020/12/27 v3.1.8b (3.1.8b)
)) (/usr/share/texlive/texmf-dist/tex/latex/pgf/utilities/pgffor.sty
(/usr/share/texlive/texmf-dist/tex/latex/pgf/utilities/pgfkeys.sty
(/usr/share/texlive/texmf-dist/tex/generic/pgf/utilities/pgfkeys.code.tex))
(/usr/share/texlive/texmf-dist/tex/latex/pgf/math/pgfmath.sty
(/usr/share/texlive/texmf-dist/tex/generic/pgf/math/pgfmath.code.tex))
(/usr/share/texlive/texmf-dist/tex/generic/pgf/utilities/pgffor.code.tex
Package: pgffor 2020/12/27 v3.1.8b (3.1.8b)

(/usr/share/texlive/texmf-dist/tex/generic/pgf/math/pgfmath.code.tex)
\pgffor@iter=\dimen308
\pgffor@skip=\dimen309
\pgffor@stack=\toks44
\pgffor@toks=\toks45
))
(/usr/share/texlive/texmf-dist/tex/generic/pgf/frontendlayer/tikz/tikz.code.tex
Package: tikz 2020/12/27 v3.1.8b (3.1.8b)

(/usr/share/texlive/texmf-dist/tex/generic/pgf/libraries/pgflibraryplothandlers
.code.tex
File: pgflibraryplothandlers.code.tex 2020/12/27 v3.1.8b (3.1.8b)
\pgf@plot@mark@count=\count334
\pgfplotmarksize=\dimen310
)
\tikz@lastx=\dimen311
\tikz@lasty=\dimen312
\tikz@lastxsaved=\dimen313
\tikz@lastysaved=\dimen314
\tikz@lastmovetox=\dimen315
\tikz@lastmovetoy=\dimen316
\tikzleveldistance=\dimen317
\tikzsiblingdistance=\dimen318
\tikz@figbox=\box119
\tikz@figbox@bg=\box120
\tikz@tempbox=\box121
\tikz@tempbox@bg=\box122
\tikztreelevel=\count335
\tikznumberofchildren=\count336
\tikznumberofcurrentchild=\count337
\tikz@fig@count=\count338

(/usr/share/texlive/texmf-dist/tex/generic/pgf/modules/pgfmodulematrix.code.tex
File: pgfmodulematrix.code.tex 2020/12/27 v3.1.8b (3.1.8b)
\pgfmatrixcurrentrow=\count339
\pgfmatrixcurrentcolumn=\count340
\pgf@matrix@numberofcolumns=\count341
)
\tikz@expandcount=\count342

(/usr/share/texlive/texmf-dist/tex/generic/pgf/frontendlayer/tikz/libraries/tik
zlibrarytopaths.code.tex
File: tikzlibrarytopaths.code.tex 2020/12/27 v3.1.8b (3.1.8b)
)))
(/usr/share/texlive/texmf-dist/tex/latex/listings/listings.sty
\lst@mode=\count343
\lst@gtempboxa=\box123
\lst@token=\toks46
\lst@length=\count344
\lst@currlwidth=\dimen319
\lst@column=\count345
\lst@pos=\count346
\lst@lostspace=\dimen320
\lst@width=\dimen321
\lst@newlines=\count347
\lst@lineno=\count348
\lst@maxwidth=\dimen322

(/usr/share/texlive/texmf-dist/tex/latex/listings/lstmisc.sty
File: lstmisc.sty 2020/03/24 1.8d (Carsten Heinz)
\c@lstnumber=\count349
\lst@skipnumbers=\count350
\lst@framebox=\box124
)
(/usr/share/texlive/texmf-dist/tex/latex/listings/listings.cfg
File: listings.cfg 2020/03/24 1.8d listings configuration
))
Package: listings 2020/03/24 1.8d (Carsten Heinz)

(/usr/share/texlive/texmf-dist/tex/latex/stackengine/stackengine.sty
Package: stackengine 2017/02/13 v4.01\ Stacking text and objects in convenient 
ways

(/usr/share/texlive/texmf-dist/tex/generic/listofitems/listofitems.sty
(/usr/share/texlive/texmf-dist/tex/generic/listofitems/listofitems.tex
\loi_cnt_foreach_nest=\count351
\loi_nestcnt=\count352
)
Package: listofitems 2019/08/21 v1.63 Grab items in lists using user-specified 
sep char (CT)
)
(/usr/share/texlive/texmf-dist/tex/latex/tools/calc.sty
Package: calc 2017/05/25 v4.3 Infix arithmetic (KKT,FJ)
\calc@Acount=\count353
\calc@Bcount=\count354
\calc@Adimen=\dimen323
\calc@Bdimen=\dimen324
\calc@Askip=\skip65
\calc@Bskip=\skip66
LaTeX Info: Redefining \setlength on input line 80.
LaTeX Info: Redefining \addtolength on input line 81.
\calc@Ccount=\count355
\calc@Cskip=\skip67
)
\c@@stackindex=\count356
\@boxshift=\skip68
\stack@tmplength=\skip69
\temp@stkl=\skip70
\@stackedboxwidth=\skip71
\@addedbox=\box125
\@anchorbox=\box126
\stackedbox=\box127
\@centerbox=\box128
\c@ROWcellindex@=\count357
)
(/usr/share/texlive/texmf-dist/tex/generic/pgf/frontendlayer/tikz/libraries/tik
zlibrarymatrix.code.tex
File: tikzlibrarymatrix.code.tex 2020/12/27 v3.1.8b (3.1.8b)
)
(/usr/share/texlive/texmf-dist/tex/generic/pgf/frontendlayer/tikz/libraries/tik
zlibrarypositioning.code.tex
File: tikzlibrarypositioning.code.tex 2020/12/27 v3.1.8b (3.1.8b)
) (./NJFU.sty
(/usr/share/texlive/texmf-dist/tex/latex/beamer/beamerouterthemesmoothbars.sty)
(/usr/share/texlive/texmf-dist/tex/latex/beamer/beamerinnerthemerounded.sty)
(/usr/share/texlive/texmf-dist/tex/latex/beamer/beamerinnerthemecircles.sty))
(/usr/share/texlive/texmf-dist/tex/latex/l3backend/l3backend-pdftex.def
File: l3backend-pdftex.def 2020-01-29 L3 backend support: PDF output (pdfTeX)
\l__color_backend_stack_int=\count358
\l__pdf_internal_box=\box129
)
(./slide.aux)
\openout1 = `slide.aux'.

LaTeX Font Info:    Checking defaults for OML/cmm/m/it on input line 46.
LaTeX Font Info:    ... okay on input line 46.
LaTeX Font Info:    Checking defaults for OMS/cmsy/m/n on input line 46.
LaTeX Font Info:    ... okay on input line 46.
LaTeX Font Info:    Checking defaults for OT1/cmr/m/n on input line 46.
LaTeX Font Info:    ... okay on input line 46.
LaTeX Font Info:    Checking defaults for T1/cmr/m/n on input line 46.
LaTeX Font Info:    ... okay on input line 46.
LaTeX Font Info:    Checking defaults for TS1/cmr/m/n on input line 46.
LaTeX Font Info:    ... okay on input line 46.
LaTeX Font Info:    Checking defaults for OMX/cmex/m/n on input line 46.
LaTeX Font Info:    ... okay on input line 46.
LaTeX Font Info:    Checking defaults for U/cmr/m/n on input line 46.
LaTeX Font Info:    ... okay on input line 46.
LaTeX Font Info:    Checking defaults for PD1/pdf/m/n on input line 46.
LaTeX Font Info:    ... okay on input line 46.

*geometry* driver: auto-detecting
*geometry* detected driver: pdftex
*geometry* verbose mode - [ preamble ] result:
* driver: pdftex
* paper: custom
* layout: <same size as paper>
* layoutoffset:(h,v)=(0.0pt,0.0pt)
* modes: includehead includefoot 
* h-part:(L,W,R)=(28.45274pt, 307.28987pt, 28.45274pt)
* v-part:(T,H,B)=(0.0pt, 273.14662pt, 0.0pt)
* \paperwidth=364.19536pt
* \paperheight=273.14662pt
* \textwidth=307.28987pt
* \textheight=244.6939pt
* \oddsidemargin=-43.81725pt
* \evensidemargin=-43.81725pt
* \topmargin=-72.26999pt
* \headheight=14.22636pt
* \headsep=0.0pt
* \topskip=11.0pt
* \footskip=14.22636pt
* \marginparwidth=4.0pt
* \marginparsep=10.0pt
* \columnsep=10.0pt
* \skip\footins=10.0pt plus 4.0pt minus 2.0pt
* \hoffset=0.0pt
* \voffset=0.0pt
* \mag=1000
* \@twocolumnfalse
* \@twosidefalse
* \@mparswitchfalse
* \@reversemarginfalse
* (1in=72.27pt=25.4mm, 1cm=28.453pt)

(/usr/share/texlive/texmf-dist/tex/context/base/mkii/supp-pdf.mkii
[Loading MPS to PDF converter (version 2006.09.02).]
\scratchcounter=\count359
\scratchdimen=\dimen325
\scratchbox=\box130
\nofMPsegments=\count360
\nofMParguments=\count361
\everyMPshowfont=\toks47
\MPscratchCnt=\count362
\MPscratchDim=\dimen326
\MPnumerator=\count363
\makeMPintoPDFobject=\count364
\everyMPtoPDFconversion=\toks48
) (/usr/share/texlive/texmf-dist/tex/latex/epstopdf-pkg/epstopdf-base.sty
Package: epstopdf-base 2020-01-24 v2.11 Base part for package epstopdf
Package epstopdf-base Info: Redefining graphics rule for `.eps' on input line 4
85.

(/usr/share/texlive/texmf-dist/tex/latex/latexconfig/epstopdf-sys.cfg
File: epstopdf-sys.cfg 2010/07/13 v1.3 Configuration of (r)epstopdf for TeX Liv
e
))
Package hyperref Info: Link coloring OFF on input line 46.

(/usr/share/texlive/texmf-dist/tex/latex/hyperref/nameref.sty
Package: nameref 2019/09/16 v2.46 Cross-referencing by name of section

(/usr/share/texlive/texmf-dist/tex/latex/refcount/refcount.sty
Package: refcount 2019/12/15 v3.6 Data extraction from label references (HO)
)
(/usr/share/texlive/texmf-dist/tex/generic/gettitlestring/gettitlestring.sty
Package: gettitlestring 2019/12/15 v1.6 Cleanup title references (HO)
)
\c@section@level=\count365
)
LaTeX Info: Redefining \ref on input line 46.
LaTeX Info: Redefining \pageref on input line 46.
LaTeX Info: Redefining \nameref on input line 46.

(./slide.out) (./slide.out)
\@outlinefile=\write5
\openout5 = `slide.out'.


(/usr/share/texlive/texmf-dist/tex/latex/translator/translator-basic-dictionary
-English.dict
Dictionary: translator-basic-dictionary, Language: English 
)
(/usr/share/texlive/texmf-dist/tex/latex/translator/translator-bibliography-dic
tionary-English.dict
Dictionary: translator-bibliography-dictionary, Language: English 
)
(/usr/share/texlive/texmf-dist/tex/latex/translator/translator-environment-dict
ionary-English.dict
Dictionary: translator-environment-dictionary, Language: English 
)
(/usr/share/texlive/texmf-dist/tex/latex/translator/translator-months-dictionar
y-English.dict
Dictionary: translator-months-dictionary, Language: English 
)
(/usr/share/texlive/texmf-dist/tex/latex/translator/translator-numbers-dictiona
ry-English.dict
Dictionary: translator-numbers-dictionary, Language: English 
)
(/usr/share/texlive/texmf-dist/tex/latex/translator/translator-theorem-dictiona
ry-English.dict
Dictionary: translator-theorem-dictionary, Language: English 
)
\c@lstlisting=\count366
 (./slide.nav)
Overfull \hbox (253.57713pt too wide) detected at line 46
  [] [][][][][] [][][][][][][][][][][][][][][][][][][][][] [][][][] [][][][][][
][][][][][] [][][][][][][] [][][][][][] [][][] [][][] [][][] [][][] [][][] [][]
[] [][][] [][][] [][][][][][][]  
 []

<fig/logo.png, id=245, 177.66376pt x 285.065pt>
File: fig/logo.png Graphic file (type png)
<use fig/logo.png>
Package pdftex.def Info: fig/logo.png  used on input line 81.
(pdftex.def)             Requested size: 61.45703pt x 98.6085pt.

Overfull \vbox (26.90388pt too high) detected at line 81
 []


Overfull \hbox (253.57713pt too wide) has occurred while \output is active
  [] [][][][][] [][][][][][][][][][][][][][][][][][][][][] [][][][] [][][][][][
][][][][][] [][][][][][][] [][][][][][] [][][] [][][] [][][] [][][] [][][] [][]
[] [][][] [][][] [][][][][][][]  
 []

[1{/var/lib/texmf/fonts/map/pdftex/updmap/pdftex.map}

 <./fig/logo.png>]
(./slide.toc)
Overfull \hbox (253.57713pt too wide) has occurred while \output is active
  [] [][][][][] [][][][][][][][][][][][][][][][][][][][][] [][][][] [][][][][][
][][][][][] [][][][][][][] [][][][][][] [][][] [][][] [][][] [][][] [][][] [][]
[] [][][] [][][] [][][][][][][]  
 []

[2

] (./slide.toc)
Overfull \hbox (253.57713pt too wide) has occurred while \output is active
  [] [][][][][] [][][][][][][][][][][][][][][][][][][][][] [][][][] [][][][][][
][][][][][] [][][][][][][] [][][][][][] [][][] [][][] [][][] [][][] [][][] [][]
[] [][][] [][][] [][][][][][][]  
 []

[3

]
Overfull \hbox (253.57713pt too wide) has occurred while \output is active
  [] [][][][][] [][][][][][][][][][][][][][][][][][][][][] [][][][] [][][][][][
][][][][][] [][][][][][][] [][][][][][] [][][] [][][] [][][] [][][] [][][] [][]
[] [][][] [][][] [][][][][][][]  
 []

[4

]
LaTeX Font Info:    Trying to load font information for U+msa on input line 103
.
 (/usr/share/texlive/texmf-dist/tex/latex/amsfonts/umsa.fd
File: umsa.fd 2013/01/14 v3.01 AMS symbols A
)
LaTeX Font Info:    Trying to load font information for U+msb on input line 103
.

(/usr/share/texlive/texmf-dist/tex/latex/amsfonts/umsb.fd
File: umsb.fd 2013/01/14 v3.01 AMS symbols B
)
LaTeX Font Info:    Trying to load font information for U+lasy on input line 10
3.

(/usr/share/texlive/texmf-dist/tex/latex/base/ulasy.fd
File: ulasy.fd 1998/08/17 v2.2e LaTeX symbol font definitions
)
Overfull \hbox (253.57713pt too wide) has occurred while \output is active
  [] [][][][][] [][][][][][][][][][][][][][][][][][][][][] [][][][] [][][][][][
][][][][][] [][][][][][][] [][][][][][] [][][] [][][] [][][] [][][] [][][] [][]
[] [][][] [][][] [][][][][][][]  
 []

[5

]
Overfull \hbox (253.57713pt too wide) has occurred while \output is active
  [] [][][][][] [][][][][][][][][][][][][][][][][][][][][] [][][][] [][][][][][
][][][][][] [][][][][][][] [][][][][][] [][][] [][][] [][][] [][][] [][][] [][]
[] [][][] [][][] [][][][][][][]  
 []

[6

] (./slide.toc)
Overfull \hbox (253.57713pt too wide) has occurred while \output is active
  [] [][][][][] [][][][][][][][][][][][][][][][][][][][][] [][][][] [][][][][][
][][][][][] [][][][][][][] [][][][][][] [][][] [][][] [][][] [][][] [][][] [][]
[] [][][] [][][] [][][][][][][]  
 []

[7

] (./slide.toc)
Overfull \hbox (253.57713pt too wide) has occurred while \output is active
  [] [][][][][] [][][][][][][][][][][][][][][][][][][][][] [][][][] [][][][][][
][][][][][] [][][][][][][] [][][][][][] [][][] [][][] [][][] [][][] [][][] [][]
[] [][][] [][][] [][][][][][][]  
 []

[8

]
Overfull \hbox (253.57713pt too wide) has occurred while \output is active
  [] [][][][][] [][][][][][][][][][][][][][][][][][][][][] [][][][] [][][][][][
][][][][][] [][][][][][][] [][][][][][] [][][] [][][] [][][] [][][] [][][] [][]
[] [][][] [][][] [][][][][][][]  
 []

[9

]
Overfull \hbox (253.57713pt too wide) has occurred while \output is active
  [] [][][][][] [][][][][][][][][][][][][][][][][][][][][] [][][][] [][][][][][
][][][][][] [][][][][][][] [][][][][][] [][][] [][][] [][][] [][][] [][][] [][]
[] [][][] [][][] [][][][][][][]  
 []

[10

]
Overfull \hbox (253.57713pt too wide) has occurred while \output is active
  [] [][][][][] [][][][][][][][][][][][][][][][][][][][][] [][][][] [][][][][][
][][][][][] [][][][][][][] [][][][][][] [][][] [][][] [][][] [][][] [][][] [][]
[] [][][] [][][] [][][][][][][]  
 []

[11

] (./slide.toc)
Overfull \hbox (253.57713pt too wide) has occurred while \output is active
  [] [][][][][] [][][][][][][][][][][][][][][][][][][][][] [][][][] [][][][][][
][][][][][] [][][][][][][] [][][][][][] [][][] [][][] [][][] [][][] [][][] [][]
[] [][][] [][][] [][][][][][][]  
 []

[12

] (./slide.toc)
Overfull \hbox (253.57713pt too wide) has occurred while \output is active
  [] [][][][][] [][][][][][][][][][][][][][][][][][][][][] [][][][] [][][][][][
][][][][][] [][][][][][][] [][][][][][] [][][] [][][] [][][] [][][] [][][] [][]
[] [][][] [][][] [][][][][][][]  
 []

[13

]
Overfull \hbox (253.57713pt too wide) has occurred while \output is active
  [] [][][][][] [][][][][][][][][][][][][][][][][][][][][] [][][][] [][][][][][
][][][][][] [][][][][][][] [][][][][][] [][][] [][][] [][][] [][][] [][][] [][]
[] [][][] [][][] [][][][][][][]  
 []

[14

]
Overfull \hbox (253.57713pt too wide) has occurred while \output is active
  [] [][][][][] [][][][][][][][][][][][][][][][][][][][][] [][][][] [][][][][][
][][][][][] [][][][][][][] [][][][][][] [][][] [][][] [][][] [][][] [][][] [][]
[] [][][] [][][] [][][][][][][]  
 []

[15

]
Overfull \hbox (253.57713pt too wide) has occurred while \output is active
  [] [][][][][] [][][][][][][][][][][][][][][][][][][][][] [][][][] [][][][][][
][][][][][] [][][][][][][] [][][][][][] [][][] [][][] [][][] [][][] [][][] [][]
[] [][][] [][][] [][][][][][][]  
 []

[16

] (./slide.toc)
Overfull \hbox (253.57713pt too wide) has occurred while \output is active
  [] [][][][][] [][][][][][][][][][][][][][][][][][][][][] [][][][] [][][][][][
][][][][][] [][][][][][][] [][][][][][] [][][] [][][] [][][] [][][] [][][] [][]
[] [][][] [][][] [][][][][][][]  
 []

[17

]
Overfull \hbox (253.57713pt too wide) has occurred while \output is active
  [] [][][][][] [][][][][][][][][][][][][][][][][][][][][] [][][][] [][][][][][
][][][][][] [][][][][][][] [][][][][][] [][][] [][][] [][][] [][][] [][][] [][]
[] [][][] [][][] [][][][][][][]  
 []

[18

]
Overfull \hbox (253.57713pt too wide) has occurred while \output is active
  [] [][][][][] [][][][][][][][][][][][][][][][][][][][][] [][][][] [][][][][][
][][][][][] [][][][][][][] [][][][][][] [][][] [][][] [][][] [][][] [][][] [][]
[] [][][] [][][] [][][][][][][]  
 []

[19

] (./slide.toc)
Overfull \hbox (253.57713pt too wide) has occurred while \output is active
  [] [][][][][] [][][][][][][][][][][][][][][][][][][][][] [][][][] [][][][][][
][][][][][] [][][][][][][] [][][][][][] [][][] [][][] [][][] [][][] [][][] [][]
[] [][][] [][][] [][][][][][][]  
 []

[20

]
Overfull \hbox (253.57713pt too wide) has occurred while \output is active
  [] [][][][][] [][][][][][][][][][][][][][][][][][][][][] [][][][] [][][][][][
][][][][][] [][][][][][][] [][][][][][] [][][] [][][] [][][] [][][] [][][] [][]
[] [][][] [][][] [][][][][][][]  
 []

[21

] (./slide.toc)
Overfull \hbox (253.57713pt too wide) has occurred while \output is active
  [] [][][][][] [][][][][][][][][][][][][][][][][][][][][] [][][][] [][][][][][
][][][][][] [][][][][][][] [][][][][][] [][][] [][][] [][][] [][][] [][][] [][]
[] [][][] [][][] [][][][][][][]  
 []

[22

]
Overfull \hbox (253.57713pt too wide) has occurred while \output is active
  [] [][][][][] [][][][][][][][][][][][][][][][][][][][][] [][][][] [][][][][][
][][][][][] [][][][][][][] [][][][][][] [][][] [][][] [][][] [][][] [][][] [][]
[] [][][] [][][] [][][][][][][]  
 []

[23

]
Overfull \hbox (253.57713pt too wide) has occurred while \output is active
  [] [][][][][] [][][][][][][][][][][][][][][][][][][][][] [][][][] [][][][][][
][][][][][] [][][][][][][] [][][][][][] [][][] [][][] [][][] [][][] [][][] [][]
[] [][][] [][][] [][][][][][][]  
 []

[24

]
Overfull \hbox (253.57713pt too wide) has occurred while \output is active
  [] [][][][][] [][][][][][][][][][][][][][][][][][][][][] [][][][] [][][][][][
][][][][][] [][][][][][][] [][][][][][] [][][] [][][] [][][] [][][] [][][] [][]
[] [][][] [][][] [][][][][][][]  
 []

[25

]
Overfull \hbox (253.57713pt too wide) has occurred while \output is active
  [] [][][][][] [][][][][][][][][][][][][][][][][][][][][] [][][][] [][][][][][
][][][][][] [][][][][][][] [][][][][][] [][][] [][][] [][][] [][][] [][][] [][]
[] [][][] [][][] [][][][][][][]  
 []

[26

] (./slide.toc)
Overfull \hbox (253.57713pt too wide) has occurred while \output is active
  [] [][][][][] [][][][][][][][][][][][][][][][][][][][][] [][][][] [][][][][][
][][][][][] [][][][][][][] [][][][][][] [][][] [][][] [][][] [][][] [][][] [][]
[] [][][] [][][] [][][][][][][]  
 []

[27

]
Overfull \hbox (253.57713pt too wide) has occurred while \output is active
  [] [][][][][] [][][][][][][][][][][][][][][][][][][][][] [][][][] [][][][][][
][][][][][] [][][][][][][] [][][][][][] [][][] [][][] [][][] [][][] [][][] [][]
[] [][][] [][][] [][][][][][][]  
 []

[28

]
Overfull \hbox (253.57713pt too wide) has occurred while \output is active
  [] [][][][][] [][][][][][][][][][][][][][][][][][][][][] [][][][] [][][][][][
][][][][][] [][][][][][][] [][][][][][] [][][] [][][] [][][] [][][] [][][] [][]
[] [][][] [][][] [][][][][][][]  
 []

[29

] (./slide.toc)
Overfull \hbox (253.57713pt too wide) has occurred while \output is active
  [] [][][][][] [][][][][][][][][][][][][][][][][][][][][] [][][][] [][][][][][
][][][][][] [][][][][][][] [][][][][][] [][][] [][][] [][][] [][][] [][][] [][]
[] [][][] [][][] [][][][][][][]  
 []

[30

]
Overfull \hbox (253.57713pt too wide) has occurred while \output is active
  [] [][][][][] [][][][][][][][][][][][][][][][][][][][][] [][][][] [][][][][][
][][][][][] [][][][][][][] [][][][][][] [][][] [][][] [][][] [][][] [][][] [][]
[] [][][] [][][] [][][][][][][]  
 []

[31

] (./slide.toc)
Overfull \hbox (253.57713pt too wide) has occurred while \output is active
  [] [][][][][] [][][][][][][][][][][][][][][][][][][][][] [][][][] [][][][][][
][][][][][] [][][][][][][] [][][][][][] [][][] [][][] [][][] [][][] [][][] [][]
[] [][][] [][][] [][][][][][][]  
 []

[32

]
Overfull \hbox (253.57713pt too wide) has occurred while \output is active
  [] [][][][][] [][][][][][][][][][][][][][][][][][][][][] [][][][] [][][][][][
][][][][][] [][][][][][][] [][][][][][] [][][] [][][] [][][] [][][] [][][] [][]
[] [][][] [][][] [][][][][][][]  
 []

[33

]
Overfull \hbox (253.57713pt too wide) has occurred while \output is active
  [] [][][][][] [][][][][][][][][][][][][][][][][][][][][] [][][][] [][][][][][
][][][][][] [][][][][][][] [][][][][][] [][][] [][][] [][][] [][][] [][][] [][]
[] [][][] [][][] [][][][][][][]  
 []

[34

]
Overfull \hbox (253.57713pt too wide) has occurred while \output is active
  [] [][][][][] [][][][][][][][][][][][][][][][][][][][][] [][][][] [][][][][][
][][][][][] [][][][][][][] [][][][][][] [][][] [][][] [][][] [][][] [][][] [][]
[] [][][] [][][] [][][][][][][]  
 []

[35

] (./slide.toc)
Overfull \hbox (253.57713pt too wide) has occurred while \output is active
  [] [][][][][] [][][][][][][][][][][][][][][][][][][][][] [][][][] [][][][][][
][][][][][] [][][][][][][] [][][][][][] [][][] [][][] [][][] [][][] [][][] [][]
[] [][][] [][][] [][][][][][][]  
 []

[36

]
Overfull \hbox (253.57713pt too wide) has occurred while \output is active
  [] [][][][][] [][][][][][][][][][][][][][][][][][][][][] [][][][] [][][][][][
][][][][][] [][][][][][][] [][][][][][] [][][] [][][] [][][] [][][] [][][] [][]
[] [][][] [][][] [][][][][][][]  
 []

[37

] (./slide.toc)
Overfull \hbox (253.57713pt too wide) has occurred while \output is active
  [] [][][][][] [][][][][][][][][][][][][][][][][][][][][] [][][][] [][][][][][
][][][][][] [][][][][][][] [][][][][][] [][][] [][][] [][][] [][][] [][][] [][]
[] [][][] [][][] [][][][][][][]  
 []

[38

]
Overfull \hbox (253.57713pt too wide) has occurred while \output is active
  [] [][][][][] [][][][][][][][][][][][][][][][][][][][][] [][][][] [][][][][][
][][][][][] [][][][][][][] [][][][][][] [][][] [][][] [][][] [][][] [][][] [][]
[] [][][] [][][] [][][][][][][]  
 []

[39

] (./slide.toc)
Overfull \hbox (253.57713pt too wide) has occurred while \output is active
  [] [][][][][] [][][][][][][][][][][][][][][][][][][][][] [][][][] [][][][][][
][][][][][] [][][][][][][] [][][][][][] [][][] [][][] [][][] [][][] [][][] [][]
[] [][][] [][][] [][][][][][][]  
 []

[40

]
Overfull \hbox (253.57713pt too wide) has occurred while \output is active
  [] [][][][][] [][][][][][][][][][][][][][][][][][][][][] [][][][] [][][][][][
][][][][][] [][][][][][][] [][][][][][] [][][] [][][] [][][] [][][] [][][] [][]
[] [][][] [][][] [][][][][][][]  
 []

[41

] (./slide.toc)
Overfull \hbox (253.57713pt too wide) has occurred while \output is active
  [] [][][][][] [][][][][][][][][][][][][][][][][][][][][] [][][][] [][][][][][
][][][][][] [][][][][][][] [][][][][][] [][][] [][][] [][][] [][][] [][][] [][]
[] [][][] [][][] [][][][][][][]  
 []

[42

]
Overfull \hbox (253.57713pt too wide) has occurred while \output is active
  [] [][][][][] [][][][][][][][][][][][][][][][][][][][][] [][][][] [][][][][][
][][][][][] [][][][][][][] [][][][][][] [][][] [][][] [][][] [][][] [][][] [][]
[] [][][] [][][] [][][][][][][]  
 []

[43

]
Overfull \hbox (253.57713pt too wide) has occurred while \output is active
  [] [][][][][] [][][][][][][][][][][][][][][][][][][][][] [][][][] [][][][][][
][][][][][] [][][][][][][] [][][][][][] [][][] [][][] [][][] [][][] [][][] [][]
[] [][][] [][][] [][][][][][][]  
 []

[44

]
Overfull \hbox (253.57713pt too wide) has occurred while \output is active
  [] [][][][][] [][][][][][][][][][][][][][][][][][][][][] [][][][] [][][][][][
][][][][][] [][][][][][][] [][][][][][] [][][] [][][] [][][] [][][] [][][] [][]
[] [][][] [][][] [][][][][][][]  
 []

[45

] (./slide.toc)
Overfull \hbox (253.57713pt too wide) has occurred while \output is active
  [] [][][][][] [][][][][][][][][][][][][][][][][][][][][] [][][][] [][][][][][
][][][][][] [][][][][][][] [][][][][][] [][][] [][][] [][][] [][][] [][][] [][]
[] [][][] [][][] [][][][][][][]  
 []

[46

] (./slide.toc)
Overfull \hbox (253.57713pt too wide) has occurred while \output is active
  [] [][][][][] [][][][][][][][][][][][][][][][][][][][][] [][][][] [][][][][][
][][][][][] [][][][][][][] [][][][][][] [][][] [][][] [][][] [][][] [][][] [][]
[] [][][] [][][] [][][][][][][]  
 []

[47

]
Overfull \hbox (253.57713pt too wide) has occurred while \output is active
  [] [][][][][] [][][][][][][][][][][][][][][][][][][][][] [][][][] [][][][][][
][][][][][] [][][][][][][] [][][][][][] [][][] [][][] [][][] [][][] [][][] [][]
[] [][][] [][][] [][][][][][][]  
 []

[48

] (./slide.toc)
Overfull \hbox (253.57713pt too wide) has occurred while \output is active
  [] [][][][][] [][][][][][][][][][][][][][][][][][][][][] [][][][] [][][][][][
][][][][][] [][][][][][][] [][][][][][] [][][] [][][] [][][] [][][] [][][] [][]
[] [][][] [][][] [][][][][][][]  
 []

[49

]
! Undefined control sequence.
<argument> \pgf@matrix@last@nextcell@options 
                                             
l.397 \end{frame}
                 
The control sequence at the end of the top line
of your error message was never \def'ed. If you have
misspelled it (e.g., `\hobx'), type `I' and the correct
spelling (e.g., `I\hbox'). Otherwise just continue,
and I'll forget about whatever was undefined.

! Undefined control sequence.
<argument> \pgf@matrix@last@nextcell@options 
                                             
l.397 \end{frame}
                 
The control sequence at the end of the top line
of your error message was never \def'ed. If you have
misspelled it (e.g., `\hobx'), type `I' and the correct
spelling (e.g., `I\hbox'). Otherwise just continue,
and I'll forget about whatever was undefined.

Missing character: There is no 1 in font nullfont!

! Package pgf Error: Single ampersand used with wrong catcode.

See the pgf package documentation for explanation.
Type  H <return>  for immediate help.
 ...                                              
                                                  
l.397 \end{frame}
                 
This error message was generated by an \errmessage
command, so I can't give any explicit help.
Pretend that you're Hercule Poirot: Examine all clues,
and deduce the truth by order and method.

! Undefined control sequence.
<argument> \pgf@matrix@last@nextcell@options 
                                             
l.397 \end{frame}
                 
The control sequence at the end of the top line
of your error message was never \def'ed. If you have
misspelled it (e.g., `\hobx'), type `I' and the correct
spelling (e.g., `I\hbox'). Otherwise just continue,
and I'll forget about whatever was undefined.

! Undefined control sequence.
<argument> \pgf@matrix@last@nextcell@options 
                                             
l.397 \end{frame}
                 
The control sequence at the end of the top line
of your error message was never \def'ed. If you have
misspelled it (e.g., `\hobx'), type `I' and the correct
spelling (e.g., `I\hbox'). Otherwise just continue,
and I'll forget about whatever was undefined.

Missing character: There is no | in font nullfont!
Missing character: There is no [ in font nullfont!
Missing character: There is no f in font nullfont!
Missing character: There is no i in font nullfont!
Missing character: There is no l in font nullfont!
Missing character: There is no l in font nullfont!
Missing character: There is no = in font nullfont!
Missing character: There is no o in font nullfont!
Missing character: There is no r in font nullfont!
Missing character: There is no a in font nullfont!
Missing character: There is no n in font nullfont!
Missing character: There is no g in font nullfont!
Missing character: There is no e in font nullfont!
Missing character: There is no ! in font nullfont!
Missing character: There is no 3 in font nullfont!
Missing character: There is no 0 in font nullfont!
Missing character: There is no ] in font nullfont!
Missing character: There is no | in font nullfont!
Missing character: There is no 1 in font nullfont!

! Package pgf Error: Single ampersand used with wrong catcode.

See the pgf package documentation for explanation.
Type  H <return>  for immediate help.
 ...                                              
                                                  
l.397 \end{frame}
                 
(That was another \errmessage.)

! Undefined control sequence.
<argument> \pgf@matrix@last@nextcell@options 
                                             
l.397 \end{frame}
                 
The control sequence at the end of the top line
of your error message was never \def'ed. If you have
misspelled it (e.g., `\hobx'), type `I' and the correct
spelling (e.g., `I\hbox'). Otherwise just continue,
and I'll forget about whatever was undefined.

! Undefined control sequence.
<argument> \pgf@matrix@last@nextcell@options 
                                             
l.397 \end{frame}
                 
The control sequence at the end of the top line
of your error message was never \def'ed. If you have
misspelled it (e.g., `\hobx'), type `I' and the correct
spelling (e.g., `I\hbox'). Otherwise just continue,
and I'll forget about whatever was undefined.

Missing character: There is no | in font nullfont!
Missing character: There is no [ in font nullfont!
Missing character: There is no f in font nullfont!
Missing character: There is no i in font nullfont!
Missing character: There is no l in font nullfont!
Missing character: There is no l in font nullfont!
Missing character: There is no = in font nullfont!
Missing character: There is no o in font nullfont!
Missing character: There is no r in font nullfont!
Missing character: There is no a in font nullfont!
Missing character: There is no n in font nullfont!
Missing character: There is no g in font nullfont!
Missing character: There is no e in font nullfont!
Missing character: There is no ! in font nullfont!
Missing character: There is no 3 in font nullfont!
Missing character: There is no 0 in font nullfont!
Missing character: There is no ] in font nullfont!
Missing character: There is no | in font nullfont!
Missing character: There is no 0 in font nullfont!

! Package pgf Error: Single ampersand used with wrong catcode.

See the pgf package documentation for explanation.
Type  H <return>  for immediate help.
 ...                                              
                                                  
l.397 \end{frame}
                 
(That was another \errmessage.)

Missing character: There is no 0 in font nullfont!

! Package pgf Error: Single ampersand used with wrong catcode.

See the pgf package documentation for explanation.
Type  H <return>  for immediate help.
 ...                                              
                                                  
l.397 \end{frame}
                 
(That was another \errmessage.)

Missing character: There is no | in font nullfont!
Missing character: There is no [ in font nullfont!
Missing character: There is no f in font nullfont!
Missing character: There is no i in font nullfont!
Missing character: There is no l in font nullfont!
Missing character: There is no l in font nullfont!
Missing character: There is no = in font nullfont!
Missing character: There is no o in font nullfont!
Missing character: There is no r in font nullfont!
Missing character: There is no a in font nullfont!
Missing character: There is no n in font nullfont!
Missing character: There is no g in font nullfont!
Missing character: There is no e in font nullfont!
Missing character: There is no ! in font nullfont!
Missing character: There is no 3 in font nullfont!
Missing character: There is no 0 in font nullfont!
Missing character: There is no ] in font nullfont!
Missing character: There is no | in font nullfont!
Missing character: There is no 1 in font nullfont!

! Package pgf Error: Single ampersand used with wrong catcode.

See the pgf package documentation for explanation.
Type  H <return>  for immediate help.
 ...                                              
                                                  
l.397 \end{frame}
                 
(That was another \errmessage.)

Missing character: There is no | in font nullfont!
Missing character: There is no [ in font nullfont!
Missing character: There is no f in font nullfont!
Missing character: There is no i in font nullfont!
Missing character: There is no l in font nullfont!
Missing character: There is no l in font nullfont!
Missing character: There is no = in font nullfont!
Missing character: There is no o in font nullfont!
Missing character: There is no r in font nullfont!
Missing character: There is no a in font nullfont!
Missing character: There is no n in font nullfont!
Missing character: There is no g in font nullfont!
Missing character: There is no e in font nullfont!
Missing character: There is no ! in font nullfont!
Missing character: There is no 3 in font nullfont!
Missing character: There is no 0 in font nullfont!
Missing character: There is no ] in font nullfont!
Missing character: There is no | in font nullfont!
Missing character: There is no 0 in font nullfont!

! Package pgf Error: Single ampersand used with wrong catcode.

See the pgf package documentation for explanation.
Type  H <return>  for immediate help.
 ...                                              
                                                  
l.397 \end{frame}
                 
(That was another \errmessage.)

Missing character: There is no 0 in font nullfont!

! Package pgf Error: Single ampersand used with wrong catcode.

See the pgf package documentation for explanation.
Type  H <return>  for immediate help.
 ...                                              
                                                  
l.397 \end{frame}
                 
(That was another \errmessage.)

Missing character: There is no | in font nullfont!
Missing character: There is no [ in font nullfont!
Missing character: There is no f in font nullfont!
Missing character: There is no i in font nullfont!
Missing character: There is no l in font nullfont!
Missing character: There is no l in font nullfont!
Missing character: There is no = in font nullfont!
Missing character: There is no o in font nullfont!
Missing character: There is no r in font nullfont!
Missing character: There is no a in font nullfont!
Missing character: There is no n in font nullfont!
Missing character: There is no g in font nullfont!
Missing character: There is no e in font nullfont!
Missing character: There is no ! in font nullfont!
Missing character: There is no 3 in font nullfont!
Missing character: There is no 0 in font nullfont!
Missing character: There is no ] in font nullfont!
Missing character: There is no | in font nullfont!
Missing character: There is no 1 in font nullfont!

! Package pgf Error: Single ampersand used with wrong catcode.

See the pgf package documentation for explanation.
Type  H <return>  for immediate help.
 ...                                              
                                                  
l.397 \end{frame}
                 
(That was another \errmessage.)

Missing character: There is no | in font nullfont!
Missing character: There is no [ in font nullfont!
Missing character: There is no f in font nullfont!
Missing character: There is no i in font nullfont!
Missing character: There is no l in font nullfont!
Missing character: There is no l in font nullfont!
Missing character: There is no = in font nullfont!
Missing character: There is no o in font nullfont!
Missing character: There is no r in font nullfont!
Missing character: There is no a in font nullfont!
Missing character: There is no n in font nullfont!
Missing character: There is no g in font nullfont!
Missing character: There is no e in font nullfont!
Missing character: There is no ! in font nullfont!
Missing character: There is no 3 in font nullfont!
Missing character: There is no 0 in font nullfont!
Missing character: There is no ] in font nullfont!
Missing character: There is no | in font nullfont!
Missing character: There is no 1 in font nullfont!

! Package pgf Error: Single ampersand used with wrong catcode.

See the pgf package documentation for explanation.
Type  H <return>  for immediate help.
 ...                                              
                                                  
l.397 \end{frame}
                 
(That was another \errmessage.)

Missing character: There is no 0 in font nullfont!

! Package pgf Error: Single ampersand used with wrong catcode.

See the pgf package documentation for explanation.
Type  H <return>  for immediate help.
 ...                                              
                                                  
l.397 \end{frame}
                 
(That was another \errmessage.)

Missing character: There is no 1 in font nullfont!

! Package pgf Error: Single ampersand used with wrong catcode.

See the pgf package documentation for explanation.
Type  H <return>  for immediate help.
 ...                                              
                                                  
l.397 \end{frame}
                 
(That was another \errmessage.)

Missing character: There is no 0 in font nullfont!

! Package pgf Error: Single ampersand used with wrong catcode.

See the pgf package documentation for explanation.
Type  H <return>  for immediate help.
 ...                                              
                                                  
l.397 \end{frame}
                 
(That was another \errmessage.)

Missing character: There is no 0 in font nullfont!

! Package pgf Error: Single ampersand used with wrong catcode.

See the pgf package documentation for explanation.
Type  H <return>  for immediate help.
 ...                                              
                                                  
l.397 \end{frame}
                 
(That was another \errmessage.)

Missing character: There is no 1 in font nullfont!

! Package pgf Error: Single ampersand used with wrong catcode.

See the pgf package documentation for explanation.
Type  H <return>  for immediate help.
 ...                                              
                                                  
l.397 \end{frame}
                 
(That was another \errmessage.)

Missing character: There is no 0 in font nullfont!

! Package pgf Error: Single ampersand used with wrong catcode.

See the pgf package documentation for explanation.
Type  H <return>  for immediate help.
 ...                                              
                                                  
l.397 \end{frame}
                 
(That was another \errmessage.)

Missing character: There is no 1 in font nullfont!

! Package pgf Error: Single ampersand used with wrong catcode.

See the pgf package documentation for explanation.
Type  H <return>  for immediate help.
 ...                                              
                                                  
l.397 \end{frame}
                 
(That was another \errmessage.)

Missing character: There is no 0 in font nullfont!

! Package pgf Error: Single ampersand used with wrong catcode.

See the pgf package documentation for explanation.
Type  H <return>  for immediate help.
 ...                                              
                                                  
l.397 \end{frame}
                 
(That was another \errmessage.)

Missing character: There is no 0 in font nullfont!

! Package pgf Error: Single ampersand used with wrong catcode.

See the pgf package documentation for explanation.
Type  H <return>  for immediate help.
 ...                                              
                                                  
l.397 \end{frame}
                 
(That was another \errmessage.)

Missing character: There is no 1 in font nullfont!

! Package pgf Error: Single ampersand used with wrong catcode.

See the pgf package documentation for explanation.
Type  H <return>  for immediate help.
 ...                                              
                                                  
l.397 \end{frame}
                 
(That was another \errmessage.)

Missing character: There is no 0 in font nullfont!

! Package pgf Error: Single ampersand used with wrong catcode.

See the pgf package documentation for explanation.
Type  H <return>  for immediate help.
 ...                                              
                                                  
l.397 \end{frame}
                 
(That was another \errmessage.)

Missing character: There is no 0 in font nullfont!

! Package pgf Error: Single ampersand used with wrong catcode.

See the pgf package documentation for explanation.
Type  H <return>  for immediate help.
 ...                                              
                                                  
l.397 \end{frame}
                 
(That was another \errmessage.)

! Undefined control sequence.
<argument> \pgf@matrix@last@nextcell@options 
                                             
l.397 \end{frame}
                 
The control sequence at the end of the top line
of your error message was never \def'ed. If you have
misspelled it (e.g., `\hobx'), type `I' and the correct
spelling (e.g., `I\hbox'). Otherwise just continue,
and I'll forget about whatever was undefined.

! Undefined control sequence.
<argument> \pgf@matrix@last@nextcell@options 
                                             
l.397 \end{frame}
                 
The control sequence at the end of the top line
of your error message was never \def'ed. If you have
misspelled it (e.g., `\hobx'), type `I' and the correct
spelling (e.g., `I\hbox'). Otherwise just continue,
and I'll forget about whatever was undefined.

Missing character: There is no 0 in font nullfont!

! Package pgf Error: Single ampersand used with wrong catcode.

See the pgf package documentation for explanation.
Type  H <return>  for immediate help.
 ...                                              
                                                  
l.397 \end{frame}
                 
(That was another \errmessage.)

Missing character: There is no 1 in font nullfont!

! Package pgf Error: Single ampersand used with wrong catcode.

See the pgf package documentation for explanation.
Type  H <return>  for immediate help.
 ...                                              
                                                  
l.397 \end{frame}
                 
(That was another \errmessage.)

Missing character: There is no 0 in font nullfont!

! Package pgf Error: Single ampersand used with wrong catcode.

See the pgf package documentation for explanation.
Type  H <return>  for immediate help.
 ...                                              
                                                  
l.397 \end{frame}
                 
(That was another \errmessage.)

! Undefined control sequence.
<argument> \pgf@matrix@last@nextcell@options 
                                             
l.397 \end{frame}
                 
The control sequence at the end of the top line
of your error message was never \def'ed. If you have
misspelled it (e.g., `\hobx'), type `I' and the correct
spelling (e.g., `I\hbox'). Otherwise just continue,
and I'll forget about whatever was undefined.

! Undefined control sequence.
<argument> \pgf@matrix@last@nextcell@options 
                                             
l.397 \end{frame}
                 
The control sequence at the end of the top line
of your error message was never \def'ed. If you have
misspelled it (e.g., `\hobx'), type `I' and the correct
spelling (e.g., `I\hbox'). Otherwise just continue,
and I'll forget about whatever was undefined.

Missing character: There is no 4 in font nullfont!

! Package pgf Error: Single ampersand used with wrong catcode.

See the pgf package documentation for explanation.
Type  H <return>  for immediate help.
 ...                                              
                                                  
l.397 \end{frame}
                 
(That was another \errmessage.)

! Undefined control sequence.
<argument> \pgf@matrix@last@nextcell@options 
                                             
l.397 \end{frame}
                 
The control sequence at the end of the top line
of your error message was never \def'ed. If you have
misspelled it (e.g., `\hobx'), type `I' and the correct
spelling (e.g., `I\hbox'). Otherwise just continue,
and I'll forget about whatever was undefined.

! Undefined control sequence.
<argument> \pgf@matrix@last@nextcell@options 
                                             
l.397 \end{frame}
                 
The control sequence at the end of the top line
of your error message was never \def'ed. If you have
misspelled it (e.g., `\hobx'), type `I' and the correct
spelling (e.g., `I\hbox'). Otherwise just continue,
and I'll forget about whatever was undefined.

Missing character: There is no | in font nullfont!
Missing character: There is no [ in font nullfont!
Missing character: There is no f in font nullfont!
Missing character: There is no i in font nullfont!
Missing character: There is no l in font nullfont!
Missing character: There is no l in font nullfont!
Missing character: There is no = in font nullfont!
Missing character: There is no b in font nullfont!
Missing character: There is no l in font nullfont!
Missing character: There is no u in font nullfont!
Missing character: There is no e in font nullfont!
Missing character: There is no ! in font nullfont!
Missing character: There is no 8 in font nullfont!
Missing character: There is no 0 in font nullfont!
Missing character: There is no ! in font nullfont!
Missing character: There is no b in font nullfont!
Missing character: There is no l in font nullfont!
Missing character: There is no a in font nullfont!
Missing character: There is no c in font nullfont!
Missing character: There is no k in font nullfont!
Missing character: There is no ! in font nullfont!
Missing character: There is no 3 in font nullfont!
Missing character: There is no 0 in font nullfont!
Missing character: There is no ] in font nullfont!
Missing character: There is no | in font nullfont!
Missing character: There is no 4 in font nullfont!

! Package pgf Error: Single ampersand used with wrong catcode.

See the pgf package documentation for explanation.
Type  H <return>  for immediate help.
 ...                                              
                                                  
l.397 \end{frame}
                 
(That was another \errmessage.)

Missing character: There is no 2 in font nullfont!

! Package pgf Error: Single ampersand used with wrong catcode.

See the pgf package documentation for explanation.
Type  H <return>  for immediate help.
 ...                                              
                                                  
l.397 \end{frame}
                 
(That was another \errmessage.)

Missing character: There is no 3 in font nullfont!

! Package pgf Error: Single ampersand used with wrong catcode.

See the pgf package documentation for explanation.
Type  H <return>  for immediate help.
 ...                                              
                                                  
l.397 \end{frame}
                 
(That was another \errmessage.)

Missing character: There is no 2 in font nullfont!

! Package pgf Error: Single ampersand used with wrong catcode.

See the pgf package documentation for explanation.
Type  H <return>  for immediate help.
 ...                                              
                                                  
l.397 \end{frame}
                 
(That was another \errmessage.)

Missing character: There is no 4 in font nullfont!

! Package pgf Error: Single ampersand used with wrong catcode.

See the pgf package documentation for explanation.
Type  H <return>  for immediate help.
 ...                                              
                                                  
l.397 \end{frame}
                 
(That was another \errmessage.)

Missing character: There is no 3 in font nullfont!

! Package pgf Error: Single ampersand used with wrong catcode.

See the pgf package documentation for explanation.
Type  H <return>  for immediate help.
 ...                                              
                                                  
l.397 \end{frame}
                 
(That was another \errmessage.)

Missing character: There is no 1 in font nullfont!

! Package pgf Error: Single ampersand used with wrong catcode.

See the pgf package documentation for explanation.
Type  H <return>  for immediate help.
 ...                                              
                                                  
l.397 \end{frame}
                 
(That was another \errmessage.)

Missing character: There is no 3 in font nullfont!

! Package pgf Error: Single ampersand used with wrong catcode.

See the pgf package documentation for explanation.
Type  H <return>  for immediate help.
 ...                                              
                                                  
l.397 \end{frame}
                 
(That was another \errmessage.)

Missing character: There is no 1 in font nullfont!

! Package pgf Error: Single ampersand used with wrong catcode.

See the pgf package documentation for explanation.
Type  H <return>  for immediate help.
 ...                                              
                                                  
l.397 \end{frame}
                 
(That was another \errmessage.)


! Package pgf Error: No shape named `mtr-1-6' is known.

See the pgf package documentation for explanation.
Type  H <return>  for immediate help.
 ...                                              
                                                  
l.397 \end{frame}
                 
(That was another \errmessage.)


! Package pgf Error: No shape named `mtr-3-6' is known.

See the pgf package documentation for explanation.
Type  H <return>  for immediate help.
 ...                                              
                                                  
l.397 \end{frame}
                 
(That was another \errmessage.)


! Package pgf Error: No shape named `K-1-3' is known.

See the pgf package documentation for explanation.
Type  H <return>  for immediate help.
 ...                                              
                                                  
l.397 \end{frame}
                 
(That was another \errmessage.)


! Package pgf Error: No shape named `ret-1-4' is known.

See the pgf package documentation for explanation.
Type  H <return>  for immediate help.
 ...                                              
                                                  
l.397 \end{frame}
                 
(That was another \errmessage.)


! Package pgf Error: No shape named `K-3-3' is known.

See the pgf package documentation for explanation.
Type  H <return>  for immediate help.
 ...                                              
                                                  
l.397 \end{frame}
                 
(That was another \errmessage.)


! Package pgf Error: No shape named `ret-1-4' is known.

See the pgf package documentation for explanation.
Type  H <return>  for immediate help.
 ...                                              
                                                  
l.397 \end{frame}
                 
(That was another \errmessage.)


! Package pgf Error: No shape named `mtr-1-5' is known.

See the pgf package documentation for explanation.
Type  H <return>  for immediate help.
 ...                                              
                                                  
l.397 \end{frame}
                 
(That was another \errmessage.)


! Package pgf Error: No shape named `mtr-1-6' is known.

See the pgf package documentation for explanation.
Type  H <return>  for immediate help.
 ...                                              
                                                  
l.397 \end{frame}
                 
(That was another \errmessage.)


! Package pgf Error: No shape named `mtr-2-5' is known.

See the pgf package documentation for explanation.
Type  H <return>  for immediate help.
 ...                                              
                                                  
l.397 \end{frame}
                 
(That was another \errmessage.)


! Package pgf Error: No shape named `mtr-2-6' is known.

See the pgf package documentation for explanation.
Type  H <return>  for immediate help.
 ...                                              
                                                  
l.397 \end{frame}
                 
(That was another \errmessage.)


! Package pgf Error: No shape named `mtr-3-5' is known.

See the pgf package documentation for explanation.
Type  H <return>  for immediate help.
 ...                                              
                                                  
l.397 \end{frame}
                 
(That was another \errmessage.)


! Package pgf Error: No shape named `mtr-3-6' is known.

See the pgf package documentation for explanation.
Type  H <return>  for immediate help.
 ...                                              
                                                  
l.397 \end{frame}
                 
(That was another \errmessage.)


Overfull \hbox (253.57713pt too wide) has occurred while \output is active
  [] [][][][][] [][][][][][][][][][][][][][][][][][][][][] [][][][] [][][][][][
][][][][][] [][][][][][][] [][][][][][] [][][] [][][] [][][] [][][] [][][] [][]
[] [][][] [][][] [][][][][][][]  
 []

[50

] (./slide.toc)
Overfull \hbox (253.57713pt too wide) has occurred while \output is active
  [] [][][][][] [][][][][][][][][][][][][][][][][][][][][] [][][][] [][][][][][
][][][][][] [][][][][][][] [][][][][][] [][][] [][][] [][][] [][][] [][][] [][]
[] [][][] [][][] [][][][][][][]  
 []

[51

] (./slide.toc)
Overfull \hbox (253.57713pt too wide) has occurred while \output is active
  [] [][][][][] [][][][][][][][][][][][][][][][][][][][][] [][][][] [][][][][][
][][][][][] [][][][][][][] [][][][][][] [][][] [][][] [][][] [][][] [][][] [][]
[] [][][] [][][] [][][][][][][]  
 []

[52

] (./slide.toc)
Overfull \hbox (253.57713pt too wide) has occurred while \output is active
  [] [][][][][] [][][][][][][][][][][][][][][][][][][][][] [][][][] [][][][][][
][][][][][] [][][][][][][] [][][][][][] [][][] [][][] [][][] [][][] [][][] [][]
[] [][][] [][][] [][][][][][][]  
 []

[53

] (./slide.toc)
Overfull \hbox (253.57713pt too wide) has occurred while \output is active
  [] [][][][][] [][][][][][][][][][][][][][][][][][][][][] [][][][] [][][][][][
][][][][][] [][][][][][][] [][][][][][] [][][] [][][] [][][] [][][] [][][] [][]
[] [][][] [][][] [][][][][][][]  
 []

[54

] (./slide.toc)
Overfull \hbox (253.57713pt too wide) has occurred while \output is active
  [] [][][][][] [][][][][][][][][][][][][][][][][][][][][] [][][][] [][][][][][
][][][][][] [][][][][][][] [][][][][][] [][][] [][][] [][][] [][][] [][][] [][]
[] [][][] [][][] [][][][][][][]  
 []

[55

] (./slide.toc)
Overfull \hbox (253.57713pt too wide) has occurred while \output is active
  [] [][][][][] [][][][][][][][][][][][][][][][][][][][][] [][][][] [][][][][][
][][][][][] [][][][][][][] [][][][][][] [][][] [][][] [][][] [][][] [][][] [][]
[] [][][] [][][] [][][][][][][]  
 []

[56

] (./slide.toc)
Overfull \hbox (253.57713pt too wide) has occurred while \output is active
  [] [][][][][] [][][][][][][][][][][][][][][][][][][][][] [][][][] [][][][][][
][][][][][] [][][][][][][] [][][][][][] [][][] [][][] [][][] [][][] [][][] [][]
[] [][][] [][][] [][][][][][][]  
 []

[57

] (./slide.toc)
Overfull \hbox (253.57713pt too wide) has occurred while \output is active
  [] [][][][][] [][][][][][][][][][][][][][][][][][][][][] [][][][] [][][][][][
][][][][][] [][][][][][][] [][][][][][] [][][] [][][] [][][] [][][] [][][] [][]
[] [][][] [][][] [][][][][][][]  
 []

[58

] (./slide.toc)
Overfull \hbox (253.57713pt too wide) has occurred while \output is active
  [] [][][][][] [][][][][][][][][][][][][][][][][][][][][] [][][][] [][][][][][
][][][][][] [][][][][][][] [][][][][][] [][][] [][][] [][][] [][][] [][][] [][]
[] [][][] [][][] [][][][][][][]  
 []

[59

] (./slide.toc)
Overfull \hbox (253.57713pt too wide) has occurred while \output is active
  [] [][][][][] [][][][][][][][][][][][][][][][][][][][][] [][][][] [][][][][][
][][][][][] [][][][][][][] [][][][][][] [][][] [][][] [][][] [][][] [][][] [][]
[] [][][] [][][] [][][][][][][]  
 []

[60

] (./slide.toc)
Overfull \hbox (253.57713pt too wide) has occurred while \output is active
  [] [][][][][] [][][][][][][][][][][][][][][][][][][][][] [][][][] [][][][][][
][][][][][] [][][][][][][] [][][][][][] [][][] [][][] [][][] [][][] [][][] [][]
[] [][][] [][][] [][][][][][][]  
 []

[61

] (./slide.toc)
Overfull \hbox (253.57713pt too wide) has occurred while \output is active
  [] [][][][][] [][][][][][][][][][][][][][][][][][][][][] [][][][] [][][][][][
][][][][][] [][][][][][][] [][][][][][] [][][] [][][] [][][] [][][] [][][] [][]
[] [][][] [][][] [][][][][][][]  
 []

[62

] (./slide.toc)
Overfull \hbox (253.57713pt too wide) has occurred while \output is active
  [] [][][][][] [][][][][][][][][][][][][][][][][][][][][] [][][][] [][][][][][
][][][][][] [][][][][][][] [][][][][][] [][][] [][][] [][][] [][][] [][][] [][]
[] [][][] [][][] [][][][][][][]  
 []

[63

] (./slide.toc)
Overfull \hbox (253.57713pt too wide) has occurred while \output is active
  [] [][][][][] [][][][][][][][][][][][][][][][][][][][][] [][][][] [][][][][][
][][][][][] [][][][][][][] [][][][][][] [][][] [][][] [][][] [][][] [][][] [][]
[] [][][] [][][] [][][][][][][]  
 []

[64

] (./slide.toc)
Overfull \hbox (253.57713pt too wide) has occurred while \output is active
  [] [][][][][] [][][][][][][][][][][][][][][][][][][][][] [][][][] [][][][][][
][][][][][] [][][][][][][] [][][][][][] [][][] [][][] [][][] [][][] [][][] [][]
[] [][][] [][][] [][][][][][][]  
 []

[65

] (./slide.toc)
Overfull \hbox (253.57713pt too wide) has occurred while \output is active
  [] [][][][][] [][][][][][][][][][][][][][][][][][][][][] [][][][] [][][][][][
][][][][][] [][][][][][][] [][][][][][] [][][] [][][] [][][] [][][] [][][] [][]
[] [][][] [][][] [][][][][][][]  
 []

[66

] (./slide.toc)
Overfull \hbox (253.57713pt too wide) has occurred while \output is active
  [] [][][][][] [][][][][][][][][][][][][][][][][][][][][] [][][][] [][][][][][
][][][][][] [][][][][][][] [][][][][][] [][][] [][][] [][][] [][][] [][][] [][]
[] [][][] [][][] [][][][][][][]  
 []

[67

] (./slide.bbl

LaTeX Font Warning: Font shape `T1/cmss/m/sc' undefined
(Font)              using `T1/cmss/m/n' instead on input line 4.

)
Overfull \hbox (253.57713pt too wide) has occurred while \output is active
  [] [][][][][] [][][][][][][][][][][][][][][][][][][][][] [][][][] [][][][][][
][][][][][] [][][][][][][] [][][][][][] [][][] [][][] [][][] [][][] [][][] [][]
[] [][][] [][][] [][][][][][][]  
 []

[68

]
Overfull \hbox (253.57713pt too wide) has occurred while \output is active
  [] [][][][][] [][][][][][][][][][][][][][][][][][][][][] [][][][] [][][][][][
][][][][][] [][][][][][][] [][][][][][] [][][] [][][] [][][] [][][] [][][] [][]
[] [][][] [][][] [][][][][][][]  
 []

[69


]
Overfull \hbox (253.57713pt too wide) has occurred while \output is active
  [] [][][][][] [][][][][][][][][][][][][][][][][][][][][] [][][][] [][][][][][
][][][][][] [][][][][][][] [][][][][][] [][][] [][][] [][][] [][][] [][][] [][]
[] [][][] [][][] [][][][][][][]  
 []

[70


]
Overfull \hbox (253.57713pt too wide) has occurred while \output is active
  [] [][][][][] [][][][][][][][][][][][][][][][][][][][][] [][][][] [][][][][][
][][][][][] [][][][][][][] [][][][][][] [][][] [][][] [][][] [][][] [][][] [][]
[] [][][] [][][] [][][][][][][]  
 []

[71


]
LaTeX Font Info:    Font shape `T1/calligra/m/n' will be
(Font)              scaled to size 35.82726pt on input line 436.

Overfull \hbox (253.57713pt too wide) has occurred while \output is active
  [] [][][][][] [][][][][][][][][][][][][][][][][][][][][] [][][][] [][][][][][
][][][][][] [][][][][][][] [][][][][][] [][][] [][][] [][][] [][][] [][][] [][]
[] [][][] [][][] [][][][][][][]  
 []

[72

]
\tf@nav=\write6
\openout6 = `slide.nav'.

\tf@toc=\write7
\openout7 = `slide.toc'.

\tf@snm=\write8
\openout8 = `slide.snm'.

 (./slide.aux)

LaTeX Font Warning: Some font shapes were not available, defaults substituted.

Package rerunfilecheck Info: File `slide.out' has not changed.
(rerunfilecheck)             Checksum: EF2971203868130F1F83E9B1EB365BA3;1833.
 ) 
Here is how much of TeX's memory you used:
 24686 strings out of 479304
 475645 string characters out of 5869779
 907364 words of memory out of 5000000
 41036 multiletter control sequences out of 15000+600000
 419659 words of font info for 69 fonts, out of 8000000 for 9000
 1141 hyphenation exceptions out of 8191
 131i,20n,132p,430b,1007s stack positions out of 5000i,500n,10000p,200000b,80000s
{/usr/share/texmf/fonts/enc/dvips/cm-super/cm-super-t1.enc}</usr/share/texliv
e/texmf-dist/fonts/type1/public/calligra-type1/callig15.pfb></usr/share/texlive
/texmf-dist/fonts/type1/public/amsfonts/cm/cmbx10.pfb></usr/share/texlive/texmf
-dist/fonts/type1/public/amsfonts/cm/cmmi10.pfb></usr/share/texlive/texmf-dist/
fonts/type1/public/amsfonts/cm/cmr10.pfb></usr/share/texlive/texmf-dist/fonts/t
ype1/public/amsfonts/cm/cmr6.pfb></usr/share/texlive/texmf-dist/fonts/type1/pub
lic/amsfonts/cm/cmsy10.pfb></usr/share/texlive/texmf-dist/fonts/type1/public/am
sfonts/cm/cmsy6.pfb></usr/share/texmf/fonts/type1/public/cm-super/sfsi1095.pfb>
</usr/share/texmf/fonts/type1/public/cm-super/sfss0600.pfb></usr/share/texmf/fo
nts/type1/public/cm-super/sfss0800.pfb></usr/share/texmf/fonts/type1/public/cm-
super/sfss0900.pfb></usr/share/texmf/fonts/type1/public/cm-super/sfss1095.pfb><
/usr/share/texmf/fonts/type1/public/cm-super/sfss1200.pfb></usr/share/texmf/fon
ts/type1/public/cm-super/sfss1440.pfb></usr/share/texmf/fonts/type1/public/cm-s
uper/sfsx0800.pfb></usr/share/texmf/fonts/type1/public/cm-super/sfsx1095.pfb>
Output written on slide.pdf (72 pages, 606681 bytes).
PDF statistics:
 9144 PDF objects out of 10688 (max. 8388607)
 8862 compressed objects within 89 object streams
 194 named destinations out of 1000 (max. 500000)
 358 words of extra memory for PDF output out of 10000 (max. 10000000)

